WARNING:tensorflow:From /home/ubuntu/git/Texygen/models/seqgan/SeqganDiscriminator.py:129: softmax_cross_entropy_with_logits (from tensorflow.python.ops.nn_ops) is deprecated and will be removed in a future version.
Instructions for updating:

Future major versions of TensorFlow will allow gradients to flow
into the labels input on backprop by default.

See `tf.nn.softmax_cross_entropy_with_logits_v2`.

WARNING:tensorflow:From /home/ubuntu/anaconda3/envs/tensorflow_p36/lib/python3.6/site-packages/tensorflow/python/ops/nn_impl.py:1124: sparse_to_dense (from tensorflow.python.ops.sparse_ops) is deprecated and will be removed in a future version.
Instructions for updating:
Create a `tf.sparse.SparseTensor` and use `tf.sparse.to_dense` instead.
WARNING:tensorflow:From /home/ubuntu/git/Texygen/utils/metrics/DocEmbSim.py:127: calling reduce_sum (from tensorflow.python.ops.math_ops) with keep_dims is deprecated and will be removed in a future version.
Instructions for updating:
keep_dims is deprecated, use keepdims instead
start pre-train generator:
epoch:0	 time:57.88023352622986
time elapsed of EmbeddingSimilarity: 139.31812810897827
time elapsed of nll-test: 20.146708011627197
epoch:1	EmbeddingSimilarity:-0.00724900468133959	nll-test:2.5191967	
epoch:1	 time:53.871124267578125
epoch:2	 time:53.871745347976685
epoch:3	 time:53.87854528427124
epoch:4	 time:53.909709453582764
epoch:5	 time:53.873291015625
time elapsed of EmbeddingSimilarity: 52.68041658401489
time elapsed of nll-test: 20.068844318389893
epoch:6	EmbeddingSimilarity:-0.005392224846395576	nll-test:1.9257061	
epoch:6	 time:53.85259652137756
epoch:7	 time:53.8668098449707
epoch:8	 time:53.86799955368042
epoch:9	 time:53.880677700042725
epoch:10	 time:53.83341336250305
time elapsed of EmbeddingSimilarity: 52.58082056045532
time elapsed of nll-test: 20.06049418449402
epoch:11	EmbeddingSimilarity:-0.005230760839331735	nll-test:1.7611487	
epoch:11	 time:53.86661410331726
epoch:12	 time:53.907679319381714
epoch:13	 time:53.89092135429382
epoch:14	 time:53.891194105148315
epoch:15	 time:53.954967737197876
time elapsed of EmbeddingSimilarity: 52.76859211921692
time elapsed of nll-test: 20.05073618888855
epoch:16	EmbeddingSimilarity:-0.005133052420767185	nll-test:1.6870289	
epoch:16	 time:53.99842548370361
epoch:17	 time:54.00785756111145
epoch:18	 time:54.05676603317261
epoch:19	 time:54.09342575073242
epoch:20	 time:54.158878326416016
time elapsed of EmbeddingSimilarity: 52.710761308670044
time elapsed of nll-test: 20.06894612312317
epoch:21	EmbeddingSimilarity:-0.005273237583673724	nll-test:1.6513115	
epoch:21	 time:54.10708212852478
epoch:22	 time:54.13355231285095
epoch:23	 time:54.157750606536865
epoch:24	 time:54.18177318572998
epoch:25	 time:54.19094443321228
time elapsed of EmbeddingSimilarity: 52.71629238128662
time elapsed of nll-test: 20.135251760482788
epoch:26	EmbeddingSimilarity:-0.005213051716010591	nll-test:1.6271238	
epoch:26	 time:54.200191497802734
epoch:27	 time:54.235870122909546
epoch:28	 time:54.23900508880615
epoch:29	 time:54.27747845649719
epoch:30	 time:54.31773614883423
time elapsed of EmbeddingSimilarity: 52.74024152755737
time elapsed of nll-test: 20.198786735534668
epoch:31	EmbeddingSimilarity:-0.005187234606906909	nll-test:1.6183997	
epoch:31	 time:54.29515719413757
epoch:32	 time:54.33881950378418
epoch:33	 time:54.352322816848755
epoch:34	 time:54.39143371582031
epoch:35	 time:54.40295100212097
time elapsed of EmbeddingSimilarity: 52.739583015441895
time elapsed of nll-test: 20.38108515739441
epoch:36	EmbeddingSimilarity:-0.005188208517587123	nll-test:1.6097815	
epoch:36	 time:54.39760112762451
epoch:37	 time:54.433769941329956
epoch:38	 time:54.44231295585632
epoch:39	 time:54.45639443397522
epoch:40	 time:54.452507734298706
time elapsed of EmbeddingSimilarity: 52.733492374420166
time elapsed of nll-test: 20.360618591308594
epoch:41	EmbeddingSimilarity:-0.005174697632630613	nll-test:1.60382	
epoch:41	 time:54.49512791633606
epoch:42	 time:54.49249005317688
epoch:43	 time:54.52118730545044
epoch:44	 time:54.50743365287781
epoch:45	 time:54.524341106414795
time elapsed of EmbeddingSimilarity: 52.641937494277954
time elapsed of nll-test: 20.386569499969482
epoch:46	EmbeddingSimilarity:-0.005173531938127291	nll-test:1.5955764	
epoch:46	 time:54.519540548324585
epoch:47	 time:54.52235198020935
epoch:48	 time:54.53878664970398
epoch:49	 time:54.52048182487488
epoch:50	 time:54.56473731994629
time elapsed of EmbeddingSimilarity: 52.70455598831177
time elapsed of nll-test: 20.42401385307312
epoch:51	EmbeddingSimilarity:-0.005127670522118665	nll-test:1.5988673	
epoch:51	 time:54.58213257789612
epoch:52	 time:54.58480262756348
epoch:53	 time:54.562291860580444
epoch:54	 time:54.57831382751465
epoch:55	 time:54.59735178947449
time elapsed of EmbeddingSimilarity: 52.73435163497925
time elapsed of nll-test: 20.42681074142456
epoch:56	EmbeddingSimilarity:-0.005129275800747311	nll-test:1.5939271	
epoch:56	 time:54.632540702819824
epoch:57	 time:54.576725244522095
epoch:58	 time:54.601818561553955
epoch:59	 time:54.68743395805359
epoch:60	 time:54.6775963306427
time elapsed of EmbeddingSimilarity: 52.745471715927124
time elapsed of nll-test: 20.47807025909424
epoch:61	EmbeddingSimilarity:-0.004991932981230891	nll-test:1.5851378	
epoch:61	 time:54.64888024330139
epoch:62	 time:54.6896653175354
epoch:63	 time:54.65314245223999
epoch:64	 time:54.6395800113678
epoch:65	 time:54.66604018211365
time elapsed of EmbeddingSimilarity: 52.74420428276062
time elapsed of nll-test: 20.474536895751953
epoch:66	EmbeddingSimilarity:-0.005105796893305879	nll-test:1.5824159	
epoch:66	 time:54.61150121688843
epoch:67	 time:54.64872884750366
epoch:68	 time:54.627578258514404
epoch:69	 time:54.66010880470276
epoch:70	 time:54.649577140808105
time elapsed of EmbeddingSimilarity: 52.73219323158264
time elapsed of nll-test: 20.508795738220215
epoch:71	EmbeddingSimilarity:-0.005054774494315357	nll-test:1.5771244	
epoch:71	 time:54.672383069992065
epoch:72	 time:54.670604944229126
epoch:73	 time:54.65217041969299
epoch:74	 time:54.748055934906006
epoch:75	 time:54.66985368728638
time elapsed of EmbeddingSimilarity: 52.61781167984009
time elapsed of nll-test: 20.52784514427185
epoch:76	EmbeddingSimilarity:-0.005098644038058694	nll-test:1.5780046	
epoch:76	 time:54.669817209243774
epoch:77	 time:54.71289348602295
epoch:78	 time:54.67698431015015
epoch:79	 time:54.663681983947754
start pre-train discriminator:
epoch:0
[1.1412683]
[1.165945]
[1.1244776]
epoch:1
[1.1595759]
[1.1523501]
[1.1592989]
epoch:2
[1.1444409]
[1.1405334]
[1.1140804]
epoch:3
[1.0433068]
[1.0280951]
[1.1899642]
epoch:4
[1.0925529]
[1.0609449]
[1.151035]
epoch:5
[1.0825553]
[1.1194763]
[1.2105396]
epoch:6
[1.1826271]
[1.1477907]
[1.0981572]
epoch:7
[1.1234118]
[1.1354887]
[1.1342328]
epoch:8
[1.0880005]
[1.1424291]
[1.1274173]
epoch:9
[1.1187874]
[1.1060928]
[1.0841829]
epoch:10
[1.082521]
[1.1080476]
[1.0556343]
epoch:11
[1.0708013]
[1.2078236]
[1.022169]
epoch:12
[1.0660201]
[1.1244476]
[1.1187956]
epoch:13
[1.140353]
[1.0895448]
[1.1526976]
epoch:14
[1.0627412]
[1.0817201]
[1.1146891]
epoch:15
[1.0708084]
[1.1098619]
[1.1130686]
epoch:16
[1.1014309]
[1.058944]
[1.1057758]
epoch:17
[1.050734]
[1.0700896]
[1.1182216]
epoch:18
[1.1648625]
[1.1448171]
[1.1134405]
epoch:19
[1.0552262]
[1.0613914]
[1.041073]
epoch:20
[1.0690536]
[1.0802312]
[1.0473411]
epoch:21
[1.0791341]
[1.0810931]
[1.0981975]
epoch:22
[1.0635514]
[1.1239578]
[1.1509569]
epoch:23
[1.1104977]
[1.1047138]
[1.071179]
epoch:24
[1.1201587]
[1.0695488]
[1.1006123]
epoch:25
[1.087759]
[1.0659151]
[1.1131923]
epoch:26
[1.0597875]
[1.1452323]
[1.0832565]
epoch:27
[1.0903081]
[1.074645]
[1.0783852]
epoch:28
[1.0527965]
[1.0288882]
[1.0828881]
epoch:29
[1.1545856]
[1.1027229]
[1.0578747]
epoch:30
[1.0515498]
[1.1160411]
[1.0607133]
epoch:31
[1.1003689]
[1.0689753]
[1.0938114]
epoch:32
[1.0422835]
[1.0375973]
[1.1115359]
epoch:33
[1.0400122]
[1.1278142]
[1.0196445]
epoch:34
[1.0330698]
[1.0628405]
[1.0202138]
epoch:35
[1.0886459]
[0.99775505]
[1.0278739]
epoch:36
[1.0373669]
[1.0351282]
[1.0813485]
epoch:37
[1.0941623]
[1.119575]
[1.0534638]
epoch:38
[1.0924684]
[1.051045]
[1.0672446]
epoch:39
[1.0846993]
[1.0704731]
[1.0191424]
epoch:40
[1.0630428]
[1.0551846]
[1.0266386]
epoch:41
[1.0867933]
[1.1278275]
[1.0033429]
epoch:42
[1.0753548]
[1.0275804]
[1.0289347]
epoch:43
[1.0336962]
[0.9968281]
[1.0824841]
epoch:44
[1.0573438]
[0.97839296]
[1.0724454]
epoch:45
[1.0279146]
[1.0642353]
[1.0157373]
epoch:46
[1.0555487]
[1.0382688]
[1.0244825]
epoch:47
[1.0712073]
[0.9990191]
[1.0448341]
epoch:48
[1.0231795]
[1.062005]
[1.0009598]
epoch:49
[0.9866084]
[1.0748675]
[1.0016891]
epoch:50
[1.0335236]
[1.1080787]
[1.008461]
epoch:51
[1.0117517]
[1.0352387]
[1.0460786]
epoch:52
[1.1116202]
[1.0361742]
[1.0042377]
epoch:53
[1.0228128]
[1.037011]
[1.0288444]
epoch:54
[1.0187415]
[1.0220956]
[1.0448408]
epoch:55
[1.0757029]
[1.0057685]
[1.0182543]
epoch:56
[1.0392514]
[1.0241213]
[0.9799243]
epoch:57
[1.0202786]
[0.99361897]
[1.0362866]
epoch:58
[1.016665]
[1.0592407]
[1.0402255]
epoch:59
[1.1242052]
[1.019198]
[1.0579793]
epoch:60
[1.0153927]
[1.0421175]
[1.0314897]
epoch:61
[1.0175885]
[1.0392402]
[1.0021832]
epoch:62
[1.0726871]
[0.9919145]
[1.046024]
epoch:63
[1.0009912]
[1.0070088]
[1.0577552]
epoch:64
[1.006715]
[0.9345877]
[0.99271506]
epoch:65
[1.0056584]
[1.0301185]
[1.0979023]
epoch:66
[1.0145087]
[1.0021731]
[1.0091633]
epoch:67
[1.0863657]
[0.95559627]
[1.0131655]
epoch:68
[1.066377]
[1.0231887]
[0.9897262]
epoch:69
[1.0222039]
[1.0026052]
[1.0142794]
epoch:70
[0.98023695]
[0.9620943]
[1.0685111]
epoch:71
[0.97720945]
[1.0325724]
[1.0667157]
epoch:72
[1.0571979]
[1.0135968]
[0.9994586]
epoch:73
[0.95861214]
[1.0164137]
[1.0061264]
epoch:74
[0.96690154]
[1.0008557]
[0.98707163]
epoch:75
[1.070761]
[0.99328756]
[0.97699225]
epoch:76
[1.0030547]
[0.99661064]
[0.9819015]
epoch:77
[1.0225506]
[1.0190209]
[1.028301]
epoch:78
[0.94994015]
[1.0547012]
[1.0378902]
epoch:79
[1.0331936]
[0.99177384]
[1.005173]
adversarial training:
2827.3406
epoch:81	 time:63.94184136390686
time elapsed of EmbeddingSimilarity: 52.66304874420166
time elapsed of nll-test: 20.51255488395691
epoch:81	EmbeddingSimilarity:-0.0050214820393742	nll-test:1.5783455	
[1.0228539]
[1.0358348]
[0.988648]
[1.0496126]
[0.9820033]
[1.0354586]
[1.0156691]
[1.0300822]
[0.9824183]
[1.0266956]
[0.98313594]
[1.0188649]
[1.0080861]
[0.9758134]
[0.97514534]
[0.9902239]
[1.0151457]
[0.97663593]
[1.0336592]
[1.0267678]
[1.0265434]
[0.97549117]
[0.9802884]
[0.95827186]
[0.96060324]
[0.9260324]
[1.0194763]
[1.0541079]
[1.047713]
[0.97592044]
[0.9701694]
[0.9891467]
[0.96845573]
[1.0020167]
[1.0277418]
[1.0314806]
[1.0143458]
[0.97066677]
[0.9958519]
[1.020242]
[0.9665795]
[0.96411014]
[0.9564569]
[1.0785261]
[1.0265083]
3525.6272
epoch:82	 time:63.48627185821533
[1.0200232]
[1.0179791]
[1.0244646]
[1.0341485]
[1.0209738]
[0.97583044]
[1.0013096]
[0.95470256]
[1.0223188]
[0.9613991]
[0.96251714]
[0.9012759]
[0.9119849]
[0.9745972]
[0.9697039]
[1.006659]
[1.017323]
[0.9589483]
[0.94532335]
[0.9672481]
[0.97307944]
[0.9754834]
[0.94323546]
[0.95100737]
[0.97149414]
[0.99794436]
[0.9691282]
[0.96720064]
[0.9048897]
[0.94066584]
[0.9600419]
[0.9695655]
[0.98522985]
[0.9689293]
[0.9958023]
[0.95518696]
[1.0464066]
[1.0157427]
[1.0143363]
[0.9937775]
[0.985013]
[0.9418731]
[1.0331444]
[0.9696609]
[0.96623325]
3057.0803
epoch:83	 time:63.52346324920654
[0.94452214]
[0.955202]
[1.0243684]
[0.98040724]
[1.0042453]
[0.92064047]
[0.98069775]
[1.0117024]
[1.002604]
[0.97694194]
[0.94169855]
[0.9540728]
[0.9611536]
[0.9803517]
[0.92644775]
[0.99581885]
[0.9514346]
[0.96692294]
[0.93644404]
[0.8987162]
[0.96264446]
[0.96489334]
[0.9398725]
[0.9281681]
[0.99475783]
[0.973454]
[1.035468]
[0.89753604]
[0.9549559]
[0.92223513]
[0.97242105]
[0.92739415]
[0.9268737]
[1.0219829]
[0.96610177]
[0.95741296]
[1.033005]
[1.0025415]
[0.9754667]
[1.0150373]
[0.9561111]
[0.9938715]
[0.9598267]
[0.96635014]
[0.9374947]
2959.2607
epoch:84	 time:63.51063847541809
[1.0314502]
[0.9943185]
[0.9776046]
[1.0052294]
[0.9822278]
[0.9447633]
[0.90544236]
[1.0180165]
[0.9342144]
[0.9746611]
[1.0153185]
[0.91315055]
[0.94905376]
[0.9617168]
[0.99075806]
[0.97730017]
[0.9402953]
[1.0019547]
[0.9165511]
[0.9950406]
[0.9850123]
[0.91433465]
[0.9243206]
[0.9955132]
[0.95694315]
[0.9346492]
[0.9786724]
[0.9255697]
[0.9853636]
[0.9521227]
[0.9648676]
[0.9650387]
[0.9821321]
[0.8996862]
[0.9615192]
[0.9979152]
[0.9492904]
[0.9879408]
[0.8913436]
[0.87856317]
[0.8948277]
[0.9140905]
[0.88559043]
[0.9530549]
[0.9296403]
3191.142
epoch:85	 time:63.47291660308838
[0.98081166]
[0.9592371]
[0.92818105]
[0.9269291]
[0.9065745]
[0.9570697]
[0.9109891]
[0.9413115]
[0.9142649]
[0.9333574]
[0.8987148]
[0.9380443]
[0.9593924]
[0.92033106]
[0.9272489]
[0.9415955]
[0.9635577]
[0.9203006]
[0.9017463]
[0.93653214]
[0.9623053]
[0.88392204]
[0.9602961]
[0.95993805]
[0.9297018]
[0.9213649]
[0.9659984]
[0.95557475]
[0.96397406]
[0.9945729]
[0.8807738]
[0.8745737]
[0.92273164]
[0.91091955]
[0.91514677]
[1.0074548]
[0.9128278]
[0.9058552]
[0.9206641]
[0.9651272]
[0.89598376]
[0.83451927]
[0.92164063]
[0.88403857]
[0.9501338]
2881.6511
epoch:86	 time:63.44320797920227
time elapsed of EmbeddingSimilarity: 52.75831842422485
time elapsed of nll-test: 20.47972822189331
epoch:86	EmbeddingSimilarity:-0.0051509697360876865	nll-test:1.609576	
[0.8964876]
[0.9109458]
[0.9086491]
[1.0342656]
[0.941427]
[0.93723786]
[0.90253687]
[0.9425733]
[0.9204377]
[0.9050379]
[0.8966105]
[0.9713292]
[0.92122006]
[0.92474806]
[0.8681704]
[0.8789997]
[0.8988762]
[0.8718749]
[0.917941]
[0.87547517]
[0.9391178]
[0.9765214]
[0.96334136]
[0.99280334]
[0.92110467]
[0.9102932]
[0.903134]
[0.8731954]
[0.9319441]
[0.89827526]
[0.876338]
[0.8729148]
[0.8554882]
[0.89543355]
[0.93533105]
[0.9001992]
[0.9102968]
[0.875106]
[0.93309313]
[0.8518505]
[0.9396615]
[0.9027333]
[0.9332076]
[0.90967274]
[0.87662005]
3088.8108
epoch:87	 time:63.383553981781006
[0.907224]
[0.8854333]
[0.9120536]
[0.9018345]
[0.9240352]
[0.8962393]
[0.91333544]
[0.8818258]
[0.8844379]
[0.9675026]
[0.94711775]
[0.8858336]
[0.91768587]
[0.9105103]
[0.91846186]
[0.8851316]
[0.91350883]
[0.94047475]
[0.85710156]
[0.9012284]
[0.8351632]
[0.7533866]
[0.9225751]
[1.0327638]
[0.91531193]
[0.9402789]
[0.8493115]
[0.9153825]
[0.8888602]
[0.9193789]
[0.8750938]
[0.8835959]
[0.9365933]
[0.91930085]
[0.93734574]
[0.9444221]
[0.8885473]
[0.91434914]
[0.83623827]
[0.8901781]
[1.0083427]
[0.9467324]
[0.84280336]
[0.84661865]
[0.8797672]
3618.6245
epoch:88	 time:63.438408613204956
[0.92397416]
[0.88917077]
[0.9030655]
[0.85911894]
[0.8840927]
[0.8722657]
[0.8579259]
[0.9183141]
[0.8974215]
[0.87872815]
[0.86421347]
[0.83031476]
[0.86211526]
[0.8875712]
[0.9203788]
[0.9175149]
[0.8531482]
[0.9821416]
[0.8639103]
[0.8662865]
[0.8555394]
[0.8903378]
[0.8599937]
[0.84080565]
[0.8851255]
[0.84691936]
[0.8860964]
[0.8741001]
[0.83553386]
[0.8912429]
[0.8883219]
[0.8826021]
[0.87483615]
[0.8514609]
[0.84316194]
[0.909572]
[0.85621655]
[0.8412478]
[0.9040388]
[0.8539577]
[0.91929746]
[0.89074165]
[0.88354087]
[0.8613194]
[0.86270344]
2502.8743
epoch:89	 time:63.35383892059326
[0.8549813]
[0.84081566]
[0.8541779]
[0.8259145]
[0.83621997]
[0.85862887]
[0.83976567]
[0.83487546]
[0.84792376]
[0.81315875]
[0.8522934]
[0.9377177]
[0.9463371]
[0.84481776]
[0.8633825]
[0.82926404]
[0.89408886]
[0.8070126]
[0.8697169]
[0.8923361]
[0.8340739]
[0.7753724]
[0.8052592]
[0.8886267]
[0.8481866]
[0.8511914]
[0.77821517]
[0.9104862]
[0.9106222]
[0.88864404]
[0.78710246]
[0.8516097]
[0.89920825]
[0.7841147]
[0.8173417]
[0.865307]
[0.85314906]
[0.86676425]
[0.8557543]
[0.8751272]
[0.85347044]
[0.82775223]
[0.8623008]
[0.8900969]
[0.81337607]
2912.2817
epoch:90	 time:63.37931728363037
[0.9080779]
[0.8670254]
[0.8629252]
[0.9285852]
[0.8891795]
[0.8392182]
[0.81116366]
[0.7475171]
[0.79404986]
[0.8581401]
[0.8845042]
[0.82237756]
[0.88770986]
[0.84925604]
[0.7722633]
[0.80244863]
[0.855242]
[0.8430774]
[0.8047631]
[0.8492813]
[0.8461551]
[0.8012341]
[0.85373807]
[0.89871025]
[0.79712534]
[0.79431343]
[0.8228208]
[0.7930338]
[0.82332385]
[0.76212144]
[0.7921084]
[0.7746947]
[0.82811046]
[0.7659309]
[0.8257704]
[0.81576115]
[0.88834536]
[0.7918609]
[0.85948265]
[0.8405088]
[0.7951108]
[0.83334994]
[0.8095888]
[0.8047352]
[0.8340466]
2991.3875
epoch:91	 time:63.41032600402832
time elapsed of EmbeddingSimilarity: 52.866522789001465
time elapsed of nll-test: 20.47763466835022
epoch:91	EmbeddingSimilarity:-0.005391116097970574	nll-test:1.6420401	
[0.7692451]
[0.87757206]
[0.8976029]
[0.843642]
[0.78807735]
[0.83633137]
[0.87214696]
[0.7961748]
[0.81320584]
[0.8682567]
[0.8265468]
[0.8182204]
[0.7833257]
[0.79191864]
[0.8470082]
[0.7908278]
[0.834998]
[0.7478757]
[0.8428376]
[0.8440019]
[0.80533254]
[0.8640028]
[0.8275098]
[0.8245694]
[0.82849383]
[0.8041152]
[0.8053591]
[0.789456]
[0.83103836]
[0.8106426]
[0.8215574]
[0.76677346]
[0.8279594]
[0.8499081]
[0.8354274]
[0.802057]
[0.8068649]
[0.767834]
[0.81450665]
[0.75916207]
[0.78302455]
[0.804054]
[0.7926507]
[0.81321603]
[0.7833711]
2788.9966
epoch:92	 time:63.46540427207947
[0.8214495]
[0.8424507]
[0.81648564]
[0.8066361]
[0.8187046]
[0.8409271]
[0.791118]
[0.8337262]
[0.8683603]
[0.76096535]
[0.79868376]
[0.77586794]
[0.8545314]
[0.8184904]
[0.7608005]
[0.83184314]
[0.74236083]
[0.7753104]
[0.78081477]
[0.8728527]
[0.84584236]
[0.8440927]
[0.7858176]
[0.740692]
[0.8256426]
[0.8462478]
[0.7876906]
[0.82077414]
[0.7516411]
[0.7610826]
[0.7971169]
[0.70711005]
[0.7703107]
[0.8823503]
[0.8123908]
[0.79510796]
[0.73448026]
[0.76930845]
[0.8330772]
[0.8405582]
[0.7970933]
[0.7906291]
[0.85145354]
[0.82864106]
[0.81434596]
2473.1794
epoch:93	 time:63.44400691986084
[0.8328276]
[0.7983583]
[0.853446]
[0.7078917]
[0.7267954]
[0.8586475]
[0.7519605]
[0.8269428]
[0.7899796]
[0.74958134]
[0.8655696]
[0.7811128]
[0.78592384]
[0.80782163]
[0.718909]
[0.73534846]
[0.9001013]
[0.7580744]
[0.8617253]
[0.80467457]
[0.8038508]
[0.7912071]
[0.7602433]
[0.7785119]
[0.728972]
[0.82767344]
[0.7272637]
[0.72623336]
[0.77608466]
[0.83693427]
[0.7912867]
[0.7841568]
[0.75140023]
[0.74690795]
[0.7542554]
[0.7250323]
[0.8684202]
[0.7894534]
[0.7761551]
[0.7979211]
[0.77944994]
[0.73796844]
[0.73014635]
[0.7588846]
[0.8381989]
2289.2327
epoch:94	 time:63.42721915245056
[0.8020475]
[0.778394]
[0.7273181]
[0.6902012]
[0.703918]
[0.75252765]
[0.7691036]
[0.83331203]
[0.9169304]
[0.83881825]
[0.765156]
[0.8143312]
[0.71939564]
[0.81970614]
[0.7475196]
[0.8385564]
[0.7704217]
[0.77790326]
[0.7285228]
[0.80023545]
[0.76755315]
[0.7348129]
[0.76773065]
[0.7450017]
[0.81807435]
[0.84393233]
[0.76466805]
[0.70305085]
[0.71485823]
[0.7673965]
[0.7894387]
[0.74328995]
[0.7528348]
[0.7148651]
[0.70179296]
[0.7108944]
[0.7661508]
[0.769216]
[0.7335168]
[0.78441316]
[0.74324435]
[0.7904644]
[0.7212075]
[0.6950972]
[0.74807763]
2588.5056
epoch:95	 time:63.41517090797424
[0.73288286]
[0.6920374]
[0.8087997]
[0.7932296]
[0.76992023]
[0.8363217]
[0.73927784]
[0.7786787]
[0.7195114]
[0.73393357]
[0.72908175]
[0.7062878]
[0.75498927]
[0.76054835]
[0.8277171]
[0.7454201]
[0.7923682]
[0.6913302]
[0.70638716]
[0.741233]
[0.7750287]
[0.71515465]
[0.7672193]
[0.74722064]
[0.6915753]
[0.76123476]
[0.7109005]
[0.8229169]
[0.7066812]
[0.7700571]
[0.7177183]
[0.7781201]
[0.71000415]
[0.71984595]
[0.6795949]
[0.7416178]
[0.7163323]
[0.7966732]
[0.7280655]
[0.78582495]
[0.6922831]
[0.7154026]
[0.72960424]
[0.73358095]
[0.81571025]
2691.5059
epoch:96	 time:63.48837900161743
time elapsed of EmbeddingSimilarity: 52.91421127319336
time elapsed of nll-test: 20.54440712928772
epoch:96	EmbeddingSimilarity:-0.005468476918915297	nll-test:1.6650182	
[0.7344739]
[0.7405125]
[0.6819013]
[0.679042]
[0.8080522]
[0.73799574]
[0.8008536]
[0.720941]
[0.7952077]
[0.72954303]
[0.757851]
[0.695557]
[0.72481]
[0.72267056]
[0.7179136]
[0.75321805]
[0.7288922]
[0.747939]
[0.70385695]
[0.8311292]
[0.7186354]
[0.6796814]
[0.69032145]
[0.7840777]
[0.70357955]
[0.61552924]
[0.7259067]
[0.6820884]
[0.64795554]
[0.6621926]
[0.70680445]
[0.6584149]
[0.6456884]
[0.67601866]
[0.7079144]
[0.81471044]
[0.7830477]
[0.73669434]
[0.70883]
[0.8004925]
[0.6859423]
[0.6573119]
[0.7408223]
[0.72106814]
[0.81126106]
2494.1206
epoch:97	 time:63.63128066062927
[0.74653363]
[0.7308306]
[0.7434648]
[0.7546836]
[0.7046796]
[0.7103004]
[0.72857183]
[0.80931073]
[0.73270744]
[0.71319443]
[0.7875134]
[0.75991774]
[0.8578131]
[0.69830436]
[0.69659775]
[0.74714804]
[0.7081396]
[0.72710645]
[0.7261367]
[0.6714499]
[0.7490446]
[0.72617143]
[0.6909493]
[0.7320021]
[0.7017081]
[0.7648705]
[0.67521]
[0.7943749]
[0.69633496]
[0.7270756]
[0.6375073]
[0.7795077]
[0.782002]
[0.76058006]
[0.69275254]
[0.73099613]
[0.67977405]
[0.73736167]
[0.7312334]
[0.70543575]
[0.6112983]
[0.6670345]
[0.7162521]
[0.6994623]
[0.7174122]
2964.3772
epoch:98	 time:63.58007335662842
[0.7280524]
[0.650812]
[0.77055204]
[0.82859445]
[0.8202033]
[0.71171415]
[0.6571396]
[0.7796383]
[0.7432637]
[0.7285435]
[0.70458055]
[0.70837706]
[0.7398131]
[0.68701303]
[0.7618588]
[0.6965809]
[0.65276194]
[0.71183383]
[0.6705322]
[0.71553445]
[0.70982057]
[0.66887474]
[0.72898406]
[0.7062703]
[0.6636147]
[0.6894514]
[0.63424635]
[0.63928133]
[0.69505054]
[0.7101083]
[0.6873906]
[0.64474505]
[0.67291284]
[0.76686347]
[0.7070351]
[0.68803036]
[0.7829083]
[0.6958318]
[0.79263496]
[0.69626707]
[0.7594949]
[0.5827658]
[0.71011245]
[0.66130406]
[0.6791347]
1777.8522
epoch:99	 time:63.497617959976196
[0.69439876]
[0.6615434]
[0.6434596]
[0.7316985]
[0.74215126]
[0.7422921]
[0.6008072]
[0.7138709]
[0.6987255]
[0.7357492]
[0.7947332]
[0.8625516]
[0.6328384]
[0.71533036]
[0.6748718]
[0.57683396]
[0.7041426]
[0.82124406]
[0.71135616]
[0.694297]
[0.65734446]
[0.7225681]
[0.74881905]
[0.7158528]
[0.6753655]
[0.6442122]
[0.64277995]
[0.5836242]
[0.6927354]
[0.7850977]
[0.60924554]
[0.768483]
[0.7479116]
[0.71313554]
[0.6731049]
[0.65347576]
[0.74913496]
[0.6946031]
[0.7790007]
[0.6241437]
[0.6650477]
[0.6428907]
[0.6751902]
[0.6866898]
[0.7377026]
2672.4033
epoch:100	 time:63.40195918083191
[0.54559594]
[0.70907056]
[0.7224729]
[0.75023526]
[0.71207726]
[0.68987876]
[0.72681767]
[0.7522797]
[0.7507675]
[0.7015041]
[0.6770123]
[0.72967124]
[0.58793014]
[0.6753951]
[0.70159507]
[0.7020854]
[0.6644929]
[0.7177252]
[0.73165023]
[0.64195096]
[0.6033017]
[0.711788]
[0.75151396]
[0.63843]
[0.6654405]
[0.66504604]
[0.71722555]
[0.6495992]
[0.6613934]
[0.68090874]
[0.7920457]
[0.6772163]
[0.7171576]
[0.69568694]
[0.6275034]
[0.68462074]
[0.6486469]
[0.6670127]
[0.6332289]
[0.6533295]
[0.59593844]
[0.697068]
[0.6717086]
[0.62022364]
[0.6681434]
2193.5237
epoch:101	 time:63.638023853302
time elapsed of EmbeddingSimilarity: 52.85291266441345
time elapsed of nll-test: 20.470748901367188
epoch:101	EmbeddingSimilarity:-0.005629896181455858	nll-test:1.68578	
[0.6711118]
[0.66602826]
[0.66841894]
[0.63765454]
[0.70065945]
[0.73645866]
[0.7137316]
[0.72456115]
[0.6099241]
[0.6598221]
[0.7539788]
[0.7191859]
[0.58034897]
[0.6002703]
[0.7197139]
[0.69402957]
[0.7192122]
[0.6434194]
[0.67665094]
[0.7141468]
[0.62295616]
[0.69459105]
[0.63586825]
[0.59464574]
[0.69776404]
[0.6616142]
[0.6322267]
[0.5922682]
[0.5473922]
[0.6922084]
[0.67304564]
[0.6783735]
[0.60883176]
[0.7038598]
[0.71204406]
[0.5634662]
[0.5649982]
[0.64581025]
[0.66473955]
[0.7398665]
[0.691859]
[0.63160074]
[0.6454927]
[0.5874586]
[0.65440893]
1716.3645
epoch:102	 time:63.51944637298584
[0.6392541]
[0.7463435]
[0.66180694]
[0.5845117]
[0.66534364]
[0.65432894]
[0.64903283]
[0.7451216]
[0.763289]
[0.7067326]
[0.5840037]
[0.6411383]
[0.59159374]
[0.6706507]
[0.6143896]
[0.699772]
[0.7001672]
[0.5958953]
[0.83371323]
[0.6936461]
[0.6482727]
[0.67541295]
[0.64561427]
[0.6728757]
[0.6278931]
[0.63680655]
[0.6289788]
[0.6878656]
[0.7019402]
[0.70352167]
[0.6665581]
[0.6634516]
[0.63792586]
[0.69909054]
[0.56906813]
[0.63220364]
[0.65882707]
[0.71419615]
[0.6426788]
[0.68955046]
[0.68007475]
[0.62397075]
[0.6692196]
[0.6167784]
[0.6493725]
1711.122
epoch:103	 time:63.47182774543762
[0.6974238]
[0.67004585]
[0.6574178]
[0.64350176]
[0.59090865]
[0.6483594]
[0.52321965]
[0.69674224]
[0.6993167]
[0.61178446]
[0.6760118]
[0.5950991]
[0.6135789]
[0.6218389]
[0.62844366]
[0.6209125]
[0.6278143]
[0.69555163]
[0.74854314]
[0.68597364]
[0.6520976]
[0.6993074]
[0.59012204]
[0.6521213]
[0.6711864]
[0.70129]
[0.7352882]
[0.60056156]
[0.6136178]
[0.6788355]
[0.62508]
[0.6433964]
[0.6827761]
[0.6160561]
[0.5720861]
[0.68269306]
[0.64836645]
[0.6656542]
[0.64333844]
[0.6219484]
[0.57794666]
[0.6626562]
[0.61873096]
[0.591318]
[0.57701236]
2383.8567
epoch:104	 time:63.55174994468689
[0.71837974]
[0.5706842]
[0.70543534]
[0.66799414]
[0.65044796]
[0.6027512]
[0.7129381]
[0.73384064]
[0.5423127]
[0.55124676]
[0.5850236]
[0.67839384]
[0.58061075]
[0.6247825]
[0.6715495]
[0.6499973]
[0.6710928]
[0.74738175]
[0.53067034]
[0.6574227]
[0.6268069]
[0.68940115]
[0.58957195]
[0.65074944]
[0.6881697]
[0.61014736]
[0.6335921]
[0.7783209]
[0.7096]
[0.6690898]
[0.63833284]
[0.61015695]
[0.6221801]
[0.70397395]
[0.6840955]
[0.67248166]
[0.602228]
[0.6327544]
[0.5906975]
[0.63679236]
[0.58340585]
[0.57595205]
[0.7401367]
[0.5449734]
[0.6071812]
2269.7742
epoch:105	 time:63.544026374816895
[0.68851006]
[0.6250546]
[0.71003354]
[0.7358718]
[0.58657205]
[0.64287937]
[0.75357425]
[0.5877444]
[0.56401914]
[0.6785565]
[0.69885945]
[0.6288803]
[0.63710374]
[0.6907813]
[0.73684597]
[0.58114296]
[0.6518525]
[0.7195209]
[0.7437568]
[0.6250411]
[0.59280485]
[0.5898395]
[0.65708727]
[0.728309]
[0.68609375]
[0.74526906]
[0.5657879]
[0.5744219]
[0.6454155]
[0.6251122]
[0.71466637]
[0.5669274]
[0.7330201]
[0.6676871]
[0.671986]
[0.69003695]
[0.62870216]
[0.67508787]
[0.6166876]
[0.5811121]
[0.61098754]
[0.54514027]
[0.6442708]
[0.69510424]
[0.66041666]
2186.04
epoch:106	 time:63.524211406707764
time elapsed of EmbeddingSimilarity: 52.87546420097351
time elapsed of nll-test: 20.51506519317627
epoch:106	EmbeddingSimilarity:-0.0056268347025593595	nll-test:1.7006363	
[0.6631392]
[0.59687704]
[0.624662]
[0.639994]
[0.61660695]
[0.5776768]
[0.70230067]
[0.6573313]
[0.6830013]
[0.6374672]
[0.71316147]
[0.6310985]
[0.6118193]
[0.648662]
[0.60410666]
[0.6223097]
[0.7580397]
[0.60077417]
[0.6100451]
[0.706323]
[0.5948887]
[0.58908796]
[0.6863057]
[0.62390596]
[0.5995809]
[0.5669908]
[0.689095]
[0.5969664]
[0.6990387]
[0.619225]
[0.6039336]
[0.6736642]
[0.6963081]
[0.6623717]
[0.61583173]
[0.5968362]
[0.78363186]
[0.59128433]
[0.5918031]
[0.61490345]
[0.6072322]
[0.68367434]
[0.62328017]
[0.6679009]
[0.60595137]
1689.6488
epoch:107	 time:63.526031255722046
[0.7155822]
[0.5815707]
[0.68303907]
[0.60755855]
[0.7452806]
[0.61221534]
[0.57393897]
[0.6478476]
[0.5875801]
[0.73041284]
[0.6887021]
[0.6921671]
[0.7054312]
[0.67313147]
[0.52916175]
[0.6189075]
[0.50758076]
[0.7105311]
[0.5953194]
[0.78336215]
[0.62861615]
[0.6811668]
[0.59951925]
[0.63918984]
[0.5825175]
[0.6282209]
[0.57518494]
[0.68761635]
[0.600911]
[0.6351269]
[0.59964126]
[0.6480861]
[0.67168355]
[0.6517008]
[0.7488206]
[0.5356834]
[0.73850596]
[0.67135954]
[0.68118966]
[0.50743556]
[0.67184377]
[0.60336864]
[0.5978293]
[0.6047304]
[0.6177881]
1981.346
epoch:108	 time:63.54427695274353
[0.55821]
[0.7225416]
[0.71535945]
[0.6215975]
[0.6076815]
[0.63242793]
[0.6003196]
[0.6121928]
[0.6732554]
[0.6709393]
[0.57769114]
[0.6321225]
[0.6342466]
[0.573948]
[0.56868726]
[0.709992]
[0.670082]
[0.605255]
[0.6661111]
[0.65315014]
[0.55119216]
[0.66722757]
[0.5375949]
[0.6395252]
[0.6137915]
[0.69492173]
[0.59192]
[0.6509241]
[0.6437185]
[0.5982358]
[0.5890089]
[0.643871]
[0.6234315]
[0.62075055]
[0.65427756]
[0.6422768]
[0.6911982]
[0.7149388]
[0.5202248]
[0.5481396]
[0.57033]
[0.60764515]
[0.6316367]
[0.62464476]
[0.6936633]
2396.3665
epoch:109	 time:63.50388288497925
[0.6464369]
[0.77208644]
[0.56296986]
[0.6251942]
[0.6214777]
[0.6358242]
[0.6900957]
[0.6917699]
[0.6076876]
[0.59524786]
[0.6386675]
[0.6985119]
[0.6782199]
[0.60813427]
[0.5760468]
[0.6681814]
[0.5821123]
[0.7292255]
[0.6807181]
[0.63999265]
[0.70041376]
[0.6167707]
[0.64353657]
[0.6148369]
[0.6688108]
[0.67120194]
[0.61816144]
[0.5760716]
[0.6414952]
[0.5342138]
[0.61922634]
[0.69357014]
[0.592426]
[0.5497154]
[0.548511]
[0.5997675]
[0.5712819]
[0.64433444]
[0.56976974]
[0.59650505]
[0.59887767]
[0.6590653]
[0.58131665]
[0.5659229]
[0.7794258]
2057.796
epoch:110	 time:63.52403712272644
[0.65383685]
[0.58049417]
[0.6470366]
[0.6386988]
[0.5563131]
[0.6013441]
[0.6151162]
[0.6103176]
[0.67466545]
[0.59949505]
[0.5760663]
[0.6075865]
[0.739509]
[0.58068407]
[0.607425]
[0.68315023]
[0.67564034]
[0.65876746]
[0.6128423]
[0.5947411]
[0.65308493]
[0.66959596]
[0.7074176]
[0.593217]
[0.6507491]
[0.5136068]
[0.61437404]
[0.73251957]
[0.6485673]
[0.621987]
[0.6689756]
[0.62333715]
[0.63731796]
[0.58716697]
[0.57654315]
[0.67217267]
[0.56382066]
[0.6218238]
[0.5467078]
[0.617977]
[0.61511856]
[0.68421215]
[0.55866253]
[0.5597045]
[0.59098804]
1934.6746
epoch:111	 time:63.58533549308777
time elapsed of EmbeddingSimilarity: 52.937681436538696
time elapsed of nll-test: 20.534519910812378
epoch:111	EmbeddingSimilarity:-0.005576221365432374	nll-test:1.7134217	
[0.67373574]
[0.66467726]
[0.6900244]
[0.67738426]
[0.55072045]
[0.6070244]
[0.74937135]
[0.6358032]
[0.59812564]
[0.6248094]
[0.575501]
[0.7442042]
[0.66669834]
[0.57943475]
[0.6444178]
[0.5999063]
[0.6553291]
[0.65044993]
[0.5806203]
[0.8136958]
[0.61295915]
[0.58682185]
[0.5925838]
[0.59174585]
[0.6609115]
[0.69606733]
[0.654888]
[0.5946399]
[0.647674]
[0.7027273]
[0.62484086]
[0.6684598]
[0.6831179]
[0.58707213]
[0.6162659]
[0.49980342]
[0.6638401]
[0.64221066]
[0.5899315]
[0.6899237]
[0.5637356]
[0.6769148]
[0.5931907]
[0.59855294]
[0.56907076]
2120.4973
epoch:112	 time:63.5642511844635
[0.73338306]
[0.53323936]
[0.5617336]
[0.6585735]
[0.55385435]
[0.5150292]
[0.6476228]
[0.6764407]
[0.70368993]
[0.6335322]
[0.65465695]
[0.6601399]
[0.66316867]
[0.6746365]
[0.6436348]
[0.6193422]
[0.70277274]
[0.6277504]
[0.57566094]
[0.66549313]
[0.57114553]
[0.64607143]
[0.6188837]
[0.6554139]
[0.6806984]
[0.6375418]
[0.67861724]
[0.5203724]
[0.60283965]
[0.6151706]
[0.6297558]
[0.63760006]
[0.65843654]
[0.6767259]
[0.60180223]
[0.6774848]
[0.5651294]
[0.6373054]
[0.6058718]
[0.5107329]
[0.65879405]
[0.64804345]
[0.5638189]
[0.6979685]
[0.5709172]
2289.6619
epoch:113	 time:63.519607067108154
[0.69392806]
[0.6599217]
[0.5971394]
[0.6239177]
[0.632489]
[0.61285174]
[0.644368]
[0.6495377]
[0.61639255]
[0.66584784]
[0.58609855]
[0.6567994]
[0.72606766]
[0.54421973]
[0.6749605]
[0.54014635]
[0.79678047]
[0.65403056]
[0.8126732]
[0.59049046]
[0.6540015]
[0.6165095]
[0.67187506]
[0.5564667]
[0.64900273]
[0.6506337]
[0.5844224]
[0.6713513]
[0.6356166]
[0.5810658]
[0.57661927]
[0.63417256]
[0.63281024]
[0.6673986]
[0.6022238]
[0.6409827]
[0.6139807]
[0.58878255]
[0.57656455]
[0.5747292]
[0.6574758]
[0.65531874]
[0.5880962]
[0.70710653]
[0.62063336]
2088.7588
epoch:114	 time:63.615689754486084
[0.5620247]
[0.5986711]
[0.5882267]
[0.67197484]
[0.6569676]
[0.5675006]
[0.59819424]
[0.70430386]
[0.6353885]
[0.61991936]
[0.505479]
[0.62297314]
[0.6431318]
[0.63236]
[0.7413032]
[0.5209338]
[0.635765]
[0.6851713]
[0.6509446]
[0.64879525]
[0.62197363]
[0.5633486]
[0.5788239]
[0.5960121]
[0.654329]
[0.64659226]
[0.60498816]
[0.60409826]
[0.61718905]
[0.64330965]
[0.5513321]
[0.6601468]
[0.6935854]
[0.58918387]
[0.57688874]
[0.65440506]
[0.6250888]
[0.51028454]
[0.6606883]
[0.5883349]
[0.5454289]
[0.5839859]
[0.63831425]
[0.55402493]
[0.6199214]
1663.4653
epoch:115	 time:63.67834115028381
[0.6034957]
[0.65977025]
[0.5839933]
[0.6236818]
[0.6866461]
[0.7142539]
[0.5334678]
[0.59384763]
[0.60156816]
[0.6765464]
[0.61037296]
[0.6081648]
[0.62861437]
[0.6416428]
[0.64592457]
[0.59098685]
[0.61402905]
[0.6174001]
[0.6756186]
[0.53651816]
[0.62406033]
[0.59976596]
[0.6273817]
[0.62668425]
[0.5423145]
[0.6606989]
[0.6101952]
[0.61843336]
[0.51682436]
[0.67022014]
[0.59449476]
[0.6829889]
[0.5720916]
[0.55749416]
[0.6866874]
[0.6378866]
[0.6005476]
[0.5462317]
[0.60425645]
[0.5459714]
[0.5103512]
[0.62813306]
[0.50100404]
[0.5473311]
[0.63519925]
2012.1111
epoch:116	 time:63.54943060874939
time elapsed of EmbeddingSimilarity: 52.929322481155396
time elapsed of nll-test: 20.534722089767456
epoch:116	EmbeddingSimilarity:-0.005574176246923518	nll-test:1.7275243	
[0.6146022]
[0.5960108]
[0.54537064]
[0.678677]
[0.60560113]
[0.64327115]
[0.55400515]
[0.6831939]
[0.5841256]
[0.61733127]
[0.594695]
[0.5546148]
[0.6071837]
[0.66673744]
[0.5209534]
[0.5918125]
[0.60897446]
[0.5545038]
[0.5468198]
[0.7083625]
[0.666613]
[0.57229155]
[0.60429317]
[0.5800675]
[0.6179935]
[0.6259458]
[0.6323422]
[0.5981841]
[0.5312909]
[0.5643801]
[0.5352015]
[0.5976423]
[0.5323292]
[0.6100775]
[0.59484434]
[0.68932176]
[0.6325982]
[0.6182388]
[0.6652016]
[0.6318525]
[0.56031454]
[0.62422305]
[0.51974607]
[0.57505345]
[0.5462139]
1930.138
epoch:117	 time:63.56380486488342
[0.6712661]
[0.56050265]
[0.6151684]
[0.5419674]
[0.594213]
[0.53656113]
[0.56734574]
[0.5937179]
[0.51300305]
[0.5045158]
[0.68959796]
[0.62344015]
[0.59757125]
[0.69999367]
[0.5969317]
[0.5621465]
[0.69222116]
[0.63878995]
[0.7305188]
[0.65706956]
[0.6224795]
[0.6257632]
[0.545972]
[0.5795475]
[0.5881405]
[0.6029832]
[0.60649776]
[0.5914919]
[0.58023614]
[0.58076704]
[0.5511452]
[0.63052297]
[0.5176096]
[0.56821734]
[0.7010861]
[0.7220343]
[0.6020686]
[0.54949856]
[0.45640516]
[0.71340173]
[0.6083614]
[0.552109]
[0.5399548]
[0.6018336]
[0.63843095]
2220.104
epoch:118	 time:63.60094165802002
[0.55878365]
[0.6528362]
[0.6773796]
[0.5886001]
[0.6380177]
[0.5720871]
[0.6941923]
[0.5142756]
[0.60791516]
[0.6950429]
[0.54804957]
[0.69609404]
[0.60201657]
[0.568284]
[0.55877787]
[0.6812577]
[0.60516363]
[0.5900451]
[0.7070862]
[0.5955072]
[0.5957628]
[0.63226134]
[0.530132]
[0.5602536]
[0.58350253]
[0.5933092]
[0.6092339]
[0.6501689]
[0.5387082]
[0.5524763]
[0.61498374]
[0.64905554]
[0.5364255]
[0.54151714]
[0.57557213]
[0.6549743]
[0.64882576]
[0.5466691]
[0.5621953]
[0.58498764]
[0.6237081]
[0.62337685]
[0.6021473]
[0.6387369]
[0.504977]
1934.5104
epoch:119	 time:63.6926794052124
[0.5216875]
[0.60921085]
[0.5524766]
[0.59719723]
[0.5437397]
[0.6679804]
[0.51938695]
[0.5301791]
[0.682905]
[0.54444677]
[0.55605775]
[0.58571017]
[0.6305101]
[0.6882409]
[0.634522]
[0.5844926]
[0.6545739]
[0.50135785]
[0.47761023]
[0.6008536]
[0.57547164]
[0.551599]
[0.5964919]
[0.6042855]
[0.5505806]
[0.5896031]
[0.5909231]
[0.5955233]
[0.6176857]
[0.5129048]
[0.53152907]
[0.61278504]
[0.60935026]
[0.4734131]
[0.59675115]
[0.5790497]
[0.6475649]
[0.5493392]
[0.5073312]
[0.48906726]
[0.58789504]
[0.6461559]
[0.49886894]
[0.547196]
[0.5458496]
2222.2876
epoch:120	 time:63.492286920547485
[0.5809179]
[0.61144376]
[0.5370769]
[0.593681]
[0.57605994]
[0.63920784]
[0.59188485]
[0.65466905]
[0.57029366]
[0.6061129]
[0.57695836]
[0.55455023]
[0.5044153]
[0.6478827]
[0.63854825]
[0.5461366]
[0.4708023]
[0.5760743]
[0.5780892]
[0.5611674]
[0.6070623]
[0.47930044]
[0.50811666]
[0.56173116]
[0.6754058]
[0.52384204]
[0.5982391]
[0.5635474]
[0.5227141]
[0.60899377]
[0.6307737]
[0.5856115]
[0.65231836]
[0.57925147]
[0.55197763]
[0.59609663]
[0.59755546]
[0.6102094]
[0.5634803]
[0.6138954]
[0.5590614]
[0.62302923]
[0.6667804]
[0.56890464]
[0.61427927]
1541.5332
epoch:121	 time:63.44776129722595
time elapsed of EmbeddingSimilarity: 52.89152264595032
time elapsed of nll-test: 20.49285340309143
epoch:121	EmbeddingSimilarity:-0.005660027926079807	nll-test:1.7456468	
[0.5771289]
[0.59935826]
[0.6139376]
[0.57694656]
[0.597726]
[0.57665676]
[0.57219994]
[0.5292984]
[0.69418395]
[0.60305727]
[0.53526616]
[0.59054875]
[0.5964054]
[0.69009995]
[0.5934883]
[0.5594361]
[0.51424605]
[0.5690444]
[0.4858117]
[0.61746895]
[0.5745803]
[0.5664406]
[0.53601074]
[0.67193496]
[0.55224407]
[0.5675587]
[0.58823234]
[0.6718564]
[0.58781695]
[0.5590266]
[0.5234451]
[0.46948275]
[0.5550884]
[0.46752867]
[0.5736306]
[0.572366]
[0.552538]
[0.61418927]
[0.5059382]
[0.57861406]
[0.5339389]
[0.47445634]
[0.57819045]
[0.4979812]
[0.685797]
2208.589
epoch:122	 time:63.47237968444824
[0.58593154]
[0.5049803]
[0.5865368]
[0.5541091]
[0.5686827]
[0.6084967]
[0.56890243]
[0.5412329]
[0.60316813]
[0.52902925]
[0.5482023]
[0.6135422]
[0.6188543]
[0.620674]
[0.57597625]
[0.5223827]
[0.57975084]
[0.64059746]
[0.5470434]
[0.67204493]
[0.5686458]
[0.6528251]
[0.56143093]
[0.51314926]
[0.51099956]
[0.5090038]
[0.573281]
[0.589621]
[0.5545909]
[0.44758072]
[0.5925897]
[0.5853586]
[0.5423634]
[0.5948509]
[0.62703913]
[0.5325677]
[0.6054491]
[0.5796758]
[0.561958]
[0.5764844]
[0.5530356]
[0.54749465]
[0.5409038]
[0.47865713]
[0.5863972]
2184.0322
epoch:123	 time:63.56767797470093
[0.59243006]
[0.5775677]
[0.60081035]
[0.5590993]
[0.5611015]
[0.59644556]
[0.5823402]
[0.6336478]
[0.5484428]
[0.5626109]
[0.5864934]
[0.5977118]
[0.62331694]
[0.53339285]
[0.6457138]
[0.57331]
[0.5104869]
[0.50211984]
[0.61021847]
[0.55281925]
[0.574688]
[0.65130895]
[0.52037585]
[0.6154896]
[0.5828687]
[0.46466804]
[0.51063466]
[0.53047436]
[0.53555006]
[0.51781917]
[0.61212206]
[0.564784]
[0.4889723]
[0.56841147]
[0.6653368]
[0.44520107]
[0.5521821]
[0.42301103]
[0.5661227]
[0.48874864]
[0.59467554]
[0.56207335]
[0.53842276]
[0.49574754]
[0.55748117]
1960.0599
epoch:124	 time:63.60180473327637
[0.65160424]
[0.5151377]
[0.5605291]
[0.49125785]
[0.4724665]
[0.5147938]
[0.53118193]
[0.48567447]
[0.5588575]
[0.48779774]
[0.5552971]
[0.5639795]
[0.56217927]
[0.5395915]
[0.5798206]
[0.561612]
[0.5244546]
[0.54772484]
[0.51305306]
[0.57832986]
[0.53961766]
[0.4714814]
[0.5357051]
[0.45137718]
[0.5825865]
[0.49098548]
[0.5328757]
[0.5277387]
[0.59951097]
[0.5917851]
[0.57061434]
[0.54878306]
[0.5220812]
[0.6207865]
[0.4537902]
[0.51776713]
[0.48004502]
[0.5672555]
[0.4845795]
[0.54932964]
[0.46153402]
[0.60681254]
[0.5698206]
[0.5040698]
[0.58674914]
2273.5386
epoch:125	 time:63.62301254272461
[0.49020657]
[0.5240211]
[0.54576945]
[0.5633128]
[0.5091501]
[0.48775807]
[0.59185123]
[0.5054287]
[0.582353]
[0.4446082]
[0.57123953]
[0.5191799]
[0.56554276]
[0.58094656]
[0.5453408]
[0.66766334]
[0.5036982]
[0.6457986]
[0.5378102]
[0.49955308]
[0.5681578]
[0.5178429]
[0.5385466]
[0.5945261]
[0.47685975]
[0.56470203]
[0.55302393]
[0.5357653]
[0.56369627]
[0.56915224]
[0.46717972]
[0.5779168]
[0.55870444]
[0.48527718]
[0.5864664]
[0.562598]
[0.5450096]
[0.46480834]
[0.5671162]
[0.52398574]
[0.48490623]
[0.5433165]
[0.51581705]
[0.52398944]
[0.5241979]
1338.0546
epoch:126	 time:63.5547034740448
time elapsed of EmbeddingSimilarity: 52.866641998291016
time elapsed of nll-test: 20.489360332489014
epoch:126	EmbeddingSimilarity:-0.005656326352876759	nll-test:1.7575672	
[0.5082772]
[0.5840844]
[0.63052076]
[0.56687915]
[0.5632473]
[0.61055607]
[0.56942075]
[0.50028175]
[0.5219977]
[0.6475479]
[0.5800347]
[0.5930513]
[0.50382334]
[0.58536154]
[0.47479126]
[0.5464068]
[0.5067955]
[0.4453946]
[0.52185816]
[0.6250199]
[0.56374997]
[0.597351]
[0.6083068]
[0.51365936]
[0.51156175]
[0.5087692]
[0.5364746]
[0.6015375]
[0.5275207]
[0.53386116]
[0.5174674]
[0.51694304]
[0.61463934]
[0.4660579]
[0.5183197]
[0.43172273]
[0.5262587]
[0.5223726]
[0.54230154]
[0.5775868]
[0.44763854]
[0.46051994]
[0.48136878]
[0.56524444]
[0.6002692]
2176.4106
epoch:127	 time:63.62686276435852
[0.5910665]
[0.6277208]
[0.5571762]
[0.51729476]
[0.4669645]
[0.5299437]
[0.47064817]
[0.5085938]
[0.5687886]
[0.5526579]
[0.55903786]
[0.55111074]
[0.64461774]
[0.5383806]
[0.55038023]
[0.52386713]
[0.50544214]
[0.47776794]
[0.45636937]
[0.47070676]
[0.4521563]
[0.62918824]
[0.45771378]
[0.5402506]
[0.46266517]
[0.5465046]
[0.48531973]
[0.5191908]
[0.52730155]
[0.6279477]
[0.5101272]
[0.55853504]
[0.5221468]
[0.47972283]
[0.53574324]
[0.51107126]
[0.61791605]
[0.5056476]
[0.6158657]
[0.48628432]
[0.5299273]
[0.5152769]
[0.6024071]
[0.5037944]
[0.57025045]
1711.1572
epoch:128	 time:63.65203905105591
[0.58844686]
[0.5965269]
[0.5352651]
[0.5465881]
[0.5323601]
[0.5505651]
[0.52749604]
[0.48872927]
[0.57327515]
[0.52562314]
[0.5556374]
[0.518089]
[0.48006403]
[0.568786]
[0.5228408]
[0.47378355]
[0.49968848]
[0.53334093]
[0.54486257]
[0.6085377]
[0.49082777]
[0.51584065]
[0.49346215]
[0.40785962]
[0.45071438]
[0.62773925]
[0.49353537]
[0.46039322]
[0.43862838]
[0.52777463]
[0.52194357]
[0.50098616]
[0.48965916]
[0.49789795]
[0.5114814]
[0.53244]
[0.4176973]
[0.502693]
[0.52381444]
[0.5422715]
[0.44324708]
[0.5285138]
[0.5731375]
[0.49793115]
[0.52926034]
1198.7953
epoch:129	 time:63.56887125968933
[0.5602595]
[0.48156404]
[0.52961504]
[0.57686067]
[0.4696127]
[0.47194254]
[0.482123]
[0.4788106]
[0.47005612]
[0.55452675]
[0.52420396]
[0.42739463]
[0.46468252]
[0.6665209]
[0.5345144]
[0.5974949]
[0.43956205]
[0.4098614]
[0.5227572]
[0.49637365]
[0.5649514]
[0.4236551]
[0.5529411]
[0.5224648]
[0.50723565]
[0.5355553]
[0.5538365]
[0.5376463]
[0.52049977]
[0.4448369]
[0.5153092]
[0.459423]
[0.54721457]
[0.5000479]
[0.49041396]
[0.56116736]
[0.51785046]
[0.46648532]
[0.4448337]
[0.49309146]
[0.5595878]
[0.475137]
[0.5057408]
[0.47318408]
[0.47059283]
1521.4034
epoch:130	 time:63.60191798210144
[0.5629389]
[0.4594258]
[0.5136786]
[0.62317216]
[0.49553704]
[0.4860461]
[0.5716144]
[0.39774814]
[0.5847726]
[0.44037393]
[0.47702926]
[0.5271547]
[0.40111274]
[0.5741279]
[0.44738406]
[0.49145347]
[0.45572856]
[0.56625867]
[0.5587262]
[0.5063761]
[0.5393376]
[0.54263103]
[0.48959497]
[0.57895404]
[0.60142183]
[0.50965106]
[0.50215846]
[0.4724993]
[0.5708002]
[0.57169414]
[0.526812]
[0.50258565]
[0.4307056]
[0.5209345]
[0.41243318]
[0.5103356]
[0.47572348]
[0.49222654]
[0.4860915]
[0.5727728]
[0.54184]
[0.48323262]
[0.60384953]
[0.5317126]
[0.4449185]
1823.9777
epoch:131	 time:63.64679718017578
time elapsed of EmbeddingSimilarity: 52.93618369102478
time elapsed of nll-test: 20.489988565444946
epoch:131	EmbeddingSimilarity:-0.005816578049575438	nll-test:1.7678447	
[0.49582928]
[0.55312544]
[0.45777914]
[0.46838695]
[0.56704766]
[0.47205314]
[0.59048635]
[0.4849626]
[0.5457049]
[0.5262322]
[0.43259355]
[0.51944804]
[0.5168765]
[0.5857643]
[0.56091195]
[0.40957052]
[0.51556206]
[0.58155465]
[0.49618733]
[0.54701865]
[0.4916367]
[0.43131977]
[0.5686709]
[0.50280505]
[0.47597766]
[0.56156904]
[0.5233315]
[0.49915078]
[0.47766277]
[0.49066967]
[0.5372752]
[0.54487914]
[0.54021585]
[0.56524324]
[0.46383893]
[0.45881492]
[0.56694615]
[0.5416801]
[0.57785946]
[0.4942409]
[0.49884194]
[0.6018319]
[0.43193275]
[0.46343374]
[0.54572475]
1367.833
epoch:132	 time:63.41204881668091
[0.5225086]
[0.5162803]
[0.5368941]
[0.49301675]
[0.55300486]
[0.50535417]
[0.47604603]
[0.57381976]
[0.52607113]
[0.551884]
[0.49223024]
[0.4483865]
[0.5155816]
[0.5327432]
[0.48242944]
[0.5511069]
[0.54150665]
[0.51573664]
[0.5276959]
[0.48887748]
[0.4144624]
[0.4458592]
[0.5696518]
[0.48469839]
[0.4492901]
[0.42244738]
[0.56601846]
[0.43971032]
[0.48578885]
[0.45704964]
[0.5641362]
[0.44904327]
[0.52540797]
[0.51756805]
[0.5531294]
[0.4710561]
[0.4606642]
[0.6004093]
[0.5454761]
[0.5011822]
[0.4887438]
[0.5166407]
[0.5315603]
[0.49367434]
[0.52104586]
1328.7518
epoch:133	 time:63.5208523273468
[0.57344985]
[0.58751506]
[0.47532415]
[0.4980366]
[0.5249837]
[0.47830957]
[0.43598956]
[0.49237654]
[0.4946397]
[0.5096591]
[0.4594826]
[0.47990805]
[0.457432]
[0.5290586]
[0.5101177]
[0.552257]
[0.59330064]
[0.46063384]
[0.5675169]
[0.55031526]
[0.52539814]
[0.55527234]
[0.51816785]
[0.45651782]
[0.60871696]
[0.4648533]
[0.612442]
[0.4420033]
[0.4992653]
[0.539816]
[0.46662408]
[0.47279495]
[0.41458204]
[0.43851626]
[0.4231115]
[0.5617455]
[0.5106771]
[0.48828]
[0.53664833]
[0.41919705]
[0.42979562]
[0.4535455]
[0.44472975]
[0.50338393]
[0.61900634]
1844.9507
epoch:134	 time:63.46273136138916
[0.5616097]
[0.53645205]
[0.5780262]
[0.42298454]
[0.50390244]
[0.49835336]
[0.6067031]
[0.5229107]
[0.5028604]
[0.5035175]
[0.45361143]
[0.48932058]
[0.5163601]
[0.5346449]
[0.38258013]
[0.51053894]
[0.47803685]
[0.51779836]
[0.5084322]
[0.43830138]
[0.4716206]
[0.5714124]
[0.3884071]
[0.5368332]
[0.44851124]
[0.5093663]
[0.47872335]
[0.4615582]
[0.55071473]
[0.5049239]
[0.48693347]
[0.53625226]
[0.51311916]
[0.59957224]
[0.5364722]
[0.5367548]
[0.55742526]
[0.6063296]
[0.46371883]
[0.42992538]
[0.48316136]
[0.44272876]
[0.45459506]
[0.5064341]
[0.39910057]
1525.0002
epoch:135	 time:63.4291627407074
[0.53498685]
[0.4906734]
[0.51305073]
[0.49357897]
[0.4913726]
[0.56956905]
[0.5158206]
[0.52494407]
[0.44019133]
[0.582203]
[0.4755842]
[0.6192841]
[0.57898414]
[0.54565966]
[0.45267656]
[0.54256713]
[0.5153882]
[0.55577105]
[0.5172612]
[0.5489039]
[0.47163966]
[0.49189392]
[0.4719897]
[0.5540872]
[0.51045126]
[0.52367556]
[0.45968762]
[0.5550329]
[0.50251955]
[0.6069768]
[0.5976494]
[0.54913014]
[0.48310804]
[0.5726043]
[0.53348404]
[0.56830883]
[0.4822054]
[0.47785383]
[0.58352983]
[0.5171159]
[0.44008404]
[0.44990835]
[0.48378703]
[0.4694848]
[0.48097202]
1518.7155
epoch:136	 time:63.47546052932739
time elapsed of EmbeddingSimilarity: 52.933598279953
time elapsed of nll-test: 20.475415229797363
epoch:136	EmbeddingSimilarity:-0.005825160759653123	nll-test:1.7766974	
[0.43535954]
[0.6469185]
[0.48431897]
[0.45055556]
[0.48074597]
[0.6410601]
[0.5648497]
[0.5126004]
[0.48881578]
[0.563799]
[0.5186631]
[0.5907695]
[0.47751093]
[0.5287368]
[0.5049194]
[0.56168336]
[0.49542123]
[0.65588623]
[0.42357764]
[0.5187236]
[0.5286341]
[0.5630788]
[0.46694353]
[0.42035535]
[0.54409707]
[0.4619968]
[0.49867466]
[0.4225458]
[0.5670649]
[0.37570766]
[0.491312]
[0.5151302]
[0.49554762]
[0.51987773]
[0.47366294]
[0.45459408]
[0.53324795]
[0.42865586]
[0.5820642]
[0.48861086]
[0.4903717]
[0.43410575]
[0.49586144]
[0.6199231]
[0.45156336]
2366.9807
epoch:137	 time:63.42333483695984
[0.48267514]
[0.5754749]
[0.4270257]
[0.5485559]
[0.5590049]
[0.5638926]
[0.56855506]
[0.5219614]
[0.4723656]
[0.56144965]
[0.5432486]
[0.5124535]
[0.5245752]
[0.49962208]
[0.6186137]
[0.4667107]
[0.6187188]
[0.55903023]
[0.47237653]
[0.6141846]
[0.4932363]
[0.3876108]
[0.50818706]
[0.4570632]
[0.44756562]
[0.5688251]
[0.49702758]
[0.41203386]
[0.47993258]
[0.52499115]
[0.4729886]
[0.52474594]
[0.42670643]
[0.51887774]
[0.49045447]
[0.48321038]
[0.46569824]
[0.45869976]
[0.51548994]
[0.5218615]
[0.45204628]
[0.5679914]
[0.47803843]
[0.4939244]
[0.5549573]
1957.5306
epoch:138	 time:63.42410135269165
[0.50525844]
[0.47876427]
[0.5588231]
[0.547566]
[0.5318226]
[0.53276265]
[0.4766092]
[0.45941967]
[0.4444303]
[0.6238454]
[0.49986896]
[0.61633795]
[0.49239987]
[0.41040978]
[0.4859421]
[0.47036916]
[0.5082787]
[0.52031106]
[0.48963824]
[0.45071742]
[0.52106166]
[0.5008766]
[0.48357877]
[0.5073225]
[0.45087078]
[0.53015584]
[0.5180172]
[0.5368058]
[0.4709598]
[0.61638093]
[0.5167644]
[0.5332153]
[0.4351157]
[0.43563816]
[0.557634]
[0.5379039]
[0.4888576]
[0.49793032]
[0.49410498]
[0.45241296]
[0.51912373]
[0.5631666]
[0.48228002]
[0.54793745]
[0.5066177]
1343.5365
epoch:139	 time:63.43404841423035
[0.5520524]
[0.57587814]
[0.585978]
[0.532317]
[0.54371095]
[0.5354444]
[0.4462721]
[0.49673778]
[0.4881999]
[0.5964937]
[0.4115306]
[0.4394958]
[0.4803269]
[0.62984246]
[0.59087104]
[0.48348004]
[0.45371103]
[0.5152436]
[0.46180695]
[0.5270018]
[0.5257498]
[0.49415606]
[0.57052225]
[0.50846666]
[0.44477898]
[0.4967637]
[0.44690466]
[0.4886942]
[0.56053746]
[0.4815482]
[0.5375353]
[0.53801554]
[0.44980615]
[0.5791489]
[0.43574587]
[0.5498366]
[0.5221476]
[0.49853915]
[0.572651]
[0.5007794]
[0.5206887]
[0.54374796]
[0.5381906]
[0.42797527]
[0.46904808]
2151.948
epoch:140	 time:63.41176986694336
[0.4552005]
[0.53462523]
[0.5352396]
[0.4055074]
[0.5171251]
[0.52359927]
[0.57113886]
[0.4573359]
[0.43292135]
[0.52794397]
[0.49841958]
[0.5503589]
[0.4914258]
[0.44979626]
[0.5128305]
[0.5046747]
[0.4137327]
[0.5090449]
[0.53305095]
[0.5834961]
[0.5682119]
[0.57795995]
[0.5732467]
[0.5574598]
[0.52543545]
[0.5153098]
[0.47202203]
[0.4664859]
[0.4400672]
[0.48505273]
[0.5614428]
[0.49755314]
[0.55454046]
[0.5518156]
[0.41596466]
[0.4963293]
[0.45205438]
[0.5422864]
[0.4798956]
[0.47949538]
[0.48735356]
[0.51746273]
[0.42142153]
[0.5529281]
[0.41567782]
2162.2827
epoch:141	 time:63.434510946273804
time elapsed of EmbeddingSimilarity: 52.84434628486633
time elapsed of nll-test: 20.5156512260437
epoch:141	EmbeddingSimilarity:-0.005941750636583458	nll-test:1.7878369	
[0.47329643]
[0.59281874]
[0.45861596]
[0.506958]
[0.49540493]
[0.50653553]
[0.43618572]
[0.48584712]
[0.6208745]
[0.45862448]
[0.46389905]
[0.45795763]
[0.5413565]
[0.5168842]
[0.51716274]
[0.42825717]
[0.4828558]
[0.48975694]
[0.47944066]
[0.5010708]
[0.49073192]
[0.48810357]
[0.50994116]
[0.45414013]
[0.5312333]
[0.59778166]
[0.50788856]
[0.4760353]
[0.49816093]
[0.5155393]
[0.49721032]
[0.4471946]
[0.4879448]
[0.5071258]
[0.6049253]
[0.4763355]
[0.56059825]
[0.4540169]
[0.55777]
[0.44894096]
[0.5395291]
[0.5333971]
[0.42842767]
[0.50640213]
[0.55425]
1421.3904
epoch:142	 time:63.47302532196045
[0.47708616]
[0.6473755]
[0.47974312]
[0.5269095]
[0.53118926]
[0.44551355]
[0.45947525]
[0.5486788]
[0.3872034]
[0.539714]
[0.4448631]
[0.4985033]
[0.57207644]
[0.51660264]
[0.5620724]
[0.5011985]
[0.4911986]
[0.5772623]
[0.45400432]
[0.50105375]
[0.52861494]
[0.4565403]
[0.54518]
[0.44673342]
[0.4865953]
[0.53104126]
[0.42551813]
[0.4851845]
[0.5091847]
[0.46585932]
[0.49449486]
[0.5456372]
[0.38578272]
[0.4113454]
[0.42292875]
[0.5824276]
[0.4431559]
[0.38721907]
[0.4347261]
[0.51594555]
[0.6423966]
[0.45832348]
[0.47617775]
[0.4021286]
[0.46485972]
2015.202
epoch:143	 time:63.42859745025635
[0.44696033]
[0.4922433]
[0.54599863]
[0.447822]
[0.46475905]
[0.5269496]
[0.44499868]
[0.45670456]
[0.53642744]
[0.56244665]
[0.5695556]
[0.39292252]
[0.54720974]
[0.4709785]
[0.6100892]
[0.52686703]
[0.51169074]
[0.45059782]
[0.41595185]
[0.4880404]
[0.51597273]
[0.5016175]
[0.53123283]
[0.53769785]
[0.452289]
[0.40496212]
[0.41111803]
[0.4690454]
[0.4588816]
[0.48707896]
[0.4845747]
[0.4645267]
[0.5123038]
[0.49962518]
[0.5239592]
[0.5512117]
[0.48660713]
[0.4624473]
[0.5407862]
[0.47392562]
[0.4794196]
[0.44886574]
[0.5789665]
[0.4661835]
[0.44457394]
2388.4004
epoch:144	 time:64.01327133178711
[0.45712233]
[0.50680536]
[0.5997353]
[0.45642495]
[0.559042]
[0.5114007]
[0.5558091]
[0.51322144]
[0.5003333]
[0.5315293]
[0.5122889]
[0.43003902]
[0.43709528]
[0.5005601]
[0.3881048]
[0.52237034]
[0.42139083]
[0.62066436]
[0.49511832]
[0.50081575]
[0.51443326]
[0.47886997]
[0.5500776]
[0.45132753]
[0.41898644]
[0.49983108]
[0.5046195]
[0.4922952]
[0.48920792]
[0.40178087]
[0.43863183]
[0.48595998]
[0.4271598]
[0.47396928]
[0.4530571]
[0.46130648]
[0.5119035]
[0.45314264]
[0.44742382]
[0.53204274]
[0.5457569]
[0.44188505]
[0.4438592]
[0.4966284]
[0.50148994]
1774.2708
epoch:145	 time:63.99038076400757
[0.4334617]
[0.47150287]
[0.49342582]
[0.55657953]
[0.43239307]
[0.5658869]
[0.52739656]
[0.39427707]
[0.38281783]
[0.48615563]
[0.467308]
[0.49577898]
[0.5046361]
[0.45844874]
[0.49700227]
[0.521502]
[0.5126043]
[0.40632576]
[0.55140495]
[0.45617115]
[0.39493063]
[0.49659714]
[0.47812653]
[0.5369394]
[0.3937039]
[0.57744205]
[0.4719083]
[0.5907435]
[0.49809498]
[0.4477445]
[0.49164736]
[0.518548]
[0.45236647]
[0.50419056]
[0.4789077]
[0.41914803]
[0.46283904]
[0.6697091]
[0.41922662]
[0.44631806]
[0.42760107]
[0.4464968]
[0.5208468]
[0.3867638]
[0.48347974]
1610.7231
epoch:146	 time:63.911869764328
time elapsed of EmbeddingSimilarity: 53.20197772979736
time elapsed of nll-test: 20.524977207183838
epoch:146	EmbeddingSimilarity:-0.006046117865111457	nll-test:1.8001206	
[0.44327337]
[0.5712601]
[0.47124562]
[0.50281924]
[0.46213055]
[0.46945304]
[0.40850228]
[0.40343037]
[0.48741096]
[0.42425323]
[0.48024017]
[0.4440271]
[0.54563344]
[0.38327092]
[0.47708568]
[0.43042558]
[0.4489692]
[0.48208576]
[0.55647755]
[0.5746369]
[0.51889616]
[0.41893613]
[0.540533]
[0.4497723]
[0.49291804]
[0.5392556]
[0.3538481]
[0.4640404]
[0.5421082]
[0.49511635]
[0.47376826]
[0.44624332]
[0.45106894]
[0.4991018]
[0.4977266]
[0.4668818]
[0.4706999]
[0.4870359]
[0.420123]
[0.5534232]
[0.5303129]
[0.52066326]
[0.545715]
[0.46790418]
[0.5071691]
1507.6818
epoch:147	 time:64.0408046245575
[0.425072]
[0.5276066]
[0.5032254]
[0.5003076]
[0.44650134]
[0.5079445]
[0.4730351]
[0.5096502]
[0.4703085]
[0.5185573]
[0.47300026]
[0.37846854]
[0.3993078]
[0.53428024]
[0.592199]
[0.49960083]
[0.42293733]
[0.4604906]
[0.60849506]
[0.4919289]
[0.51772445]
[0.46309245]
[0.5163655]
[0.5519695]
[0.510268]
[0.5235565]
[0.55234075]
[0.44955823]
[0.4714686]
[0.45990756]
[0.52874064]
[0.42310685]
[0.5124493]
[0.543404]
[0.4146453]
[0.41623628]
[0.47650158]
[0.4805718]
[0.52967626]
[0.56070006]
[0.4161977]
[0.49638]
[0.45410115]
[0.45330894]
[0.4749815]
1926.485
epoch:148	 time:64.01019096374512
[0.38607645]
[0.46557593]
[0.40982333]
[0.5129651]
[0.41676825]
[0.49714285]
[0.4578477]
[0.5273023]
[0.5784066]
[0.5101614]
[0.46177772]
[0.43868482]
[0.38061166]
[0.40949193]
[0.4119804]
[0.4361729]
[0.50880504]
[0.46621668]
[0.5513836]
[0.40948817]
[0.3939517]
[0.48352867]
[0.44321284]
[0.4423092]
[0.4285409]
[0.47853714]
[0.40611613]
[0.49958217]
[0.44234675]
[0.46039712]
[0.46411407]
[0.44589615]
[0.4317274]
[0.45610553]
[0.537271]
[0.5483197]
[0.50007945]
[0.49111658]
[0.61869395]
[0.39663333]
[0.5022706]
[0.4461516]
[0.4338536]
[0.45293203]
[0.60288763]
1427.874
epoch:149	 time:63.5344352722168
[0.5279548]
[0.44768903]
[0.4331622]
[0.5160756]
[0.58184373]
[0.44502348]
[0.45138463]
[0.49589014]
[0.48357427]
[0.38437706]
[0.511371]
[0.4816376]
[0.45850295]
[0.4768795]
[0.4817983]
[0.4534155]
[0.48717004]
[0.53646976]
[0.4902538]
[0.48667514]
[0.5043139]
[0.3868287]
[0.3937491]
[0.4161198]
[0.39218685]
[0.57258755]
[0.55929756]
[0.59621793]
[0.43701854]
[0.43355653]
[0.50278986]
[0.48501897]
[0.4199211]
[0.47734872]
[0.4915638]
[0.5725514]
[0.5568813]
[0.5204673]
[0.44060907]
[0.5051389]
[0.4473275]
[0.4632746]
[0.41676262]
[0.47901517]
[0.4154647]
2832.53
epoch:150	 time:63.56532907485962
[0.55112755]
[0.510123]
[0.5419594]
[0.43256888]
[0.5015743]
[0.53467166]
[0.4746173]
[0.56709623]
[0.40570194]
[0.44108418]
[0.44843692]
[0.44436908]
[0.44547227]
[0.50100774]
[0.51786876]
[0.4774189]
[0.36290348]
[0.5118331]
[0.4482707]
[0.4669816]
[0.4804089]
[0.5308255]
[0.390504]
[0.45761144]
[0.4854675]
[0.4010892]
[0.46245384]
[0.46761805]
[0.42517886]
[0.58648086]
[0.41414547]
[0.5126678]
[0.41376185]
[0.39752892]
[0.51138043]
[0.4565667]
[0.41580096]
[0.4240179]
[0.41077143]
[0.44655824]
[0.40051487]
[0.49615684]
[0.4173659]
[0.47695115]
[0.45361814]
1648.6035
epoch:151	 time:63.621899366378784
time elapsed of EmbeddingSimilarity: 52.826916456222534
time elapsed of nll-test: 20.48661708831787
epoch:151	EmbeddingSimilarity:-0.006066805876455954	nll-test:1.8092062	
[0.39793247]
[0.48391804]
[0.4941309]
[0.52206445]
[0.45910972]
[0.5020894]
[0.48823348]
[0.5797044]
[0.43195358]
[0.5168966]
[0.54165304]
[0.4402868]
[0.39600298]
[0.4379783]
[0.38694286]
[0.47825816]
[0.53004503]
[0.39157012]
[0.37974986]
[0.437248]
[0.6092447]
[0.45446056]
[0.44461274]
[0.43858865]
[0.47072124]
[0.51915526]
[0.41895783]
[0.53012115]
[0.49715203]
[0.5032874]
[0.49390638]
[0.45563224]
[0.45998216]
[0.3978029]
[0.43311456]
[0.42712173]
[0.4481536]
[0.4475897]
[0.53056824]
[0.4477723]
[0.54337454]
[0.5085079]
[0.4471008]
[0.4912188]
[0.40327057]
1588.0609
epoch:152	 time:63.46003866195679
[0.516006]
[0.44669652]
[0.46503502]
[0.4860388]
[0.35411698]
[0.525318]
[0.4592373]
[0.45227125]
[0.5120798]
[0.4392207]
[0.5061537]
[0.55254424]
[0.5136162]
[0.41811922]
[0.48304528]
[0.4803104]
[0.44404936]
[0.42615232]
[0.4871734]
[0.51992416]
[0.5135323]
[0.42745185]
[0.44547877]
[0.39988008]
[0.4670926]
[0.4314231]
[0.61658895]
[0.49449226]
[0.476495]
[0.33932325]
[0.47623366]
[0.49812314]
[0.45577154]
[0.42777514]
[0.39302334]
[0.4377072]
[0.47314897]
[0.45545384]
[0.4168949]
[0.53667104]
[0.42863727]
[0.5118751]
[0.4356591]
[0.47092086]
[0.3851169]
1288.9298
epoch:153	 time:63.5694305896759
[0.46517968]
[0.52775604]
[0.50242394]
[0.57053614]
[0.48652118]
[0.55731905]
[0.50470024]
[0.45715576]
[0.4375347]
[0.46488258]
[0.5111358]
[0.45119768]
[0.66139996]
[0.36881888]
[0.552055]
[0.4699339]
[0.5297665]
[0.48790935]
[0.35714722]
[0.4729303]
[0.45626974]
[0.50353324]
[0.44029397]
[0.4921808]
[0.50878394]
[0.36948073]
[0.49749938]
[0.3802392]
[0.40299603]
[0.47318655]
[0.43543047]
[0.32750535]
[0.49546534]
[0.47218832]
[0.35226116]
[0.4333318]
[0.36583617]
[0.45667928]
[0.44491327]
[0.42760652]
[0.4000197]
[0.4138083]
[0.47140938]
[0.41762644]
[0.38945466]
1560.2643
epoch:154	 time:63.59045624732971
[0.43320978]
[0.491747]
[0.4193137]
[0.41866043]
[0.44659805]
[0.425106]
[0.57332385]
[0.43473738]
[0.513189]
[0.5348576]
[0.43869117]
[0.4234389]
[0.4799303]
[0.44017333]
[0.49717396]
[0.44885832]
[0.37621325]
[0.43333772]
[0.42660356]
[0.40030777]
[0.4929136]
[0.4418514]
[0.42864358]
[0.4352979]
[0.49312872]
[0.530777]
[0.37422502]
[0.48153183]
[0.48218474]
[0.39078218]
[0.38011807]
[0.5060427]
[0.5750183]
[0.3621559]
[0.4237002]
[0.37022808]
[0.44598317]
[0.39244395]
[0.4247576]
[0.4269141]
[0.46093816]
[0.52758193]
[0.4947294]
[0.40216678]
[0.48819333]
1742.2002
epoch:155	 time:63.59939789772034
[0.3419028]
[0.48864]
[0.45147872]
[0.46597612]
[0.38836634]
[0.42303127]
[0.4471982]
[0.4295407]
[0.50060254]
[0.48372635]
[0.45568433]
[0.37558708]
[0.41292825]
[0.41794136]
[0.51062626]
[0.51926124]
[0.35065943]
[0.35203636]
[0.4740278]
[0.38805804]
[0.48134667]
[0.41612607]
[0.45522016]
[0.43999785]
[0.41788444]
[0.44564134]
[0.49814004]
[0.43059534]
[0.44836056]
[0.3997864]
[0.41846022]
[0.40651184]
[0.30288237]
[0.47624218]
[0.36614364]
[0.4082988]
[0.36420518]
[0.38895306]
[0.5388017]
[0.38111657]
[0.4260606]
[0.42290136]
[0.4467834]
[0.4260905]
[0.455693]
2228.9946
epoch:156	 time:63.66514801979065
time elapsed of EmbeddingSimilarity: 52.94510316848755
time elapsed of nll-test: 20.48010516166687
epoch:156	EmbeddingSimilarity:-0.006152309866056359	nll-test:1.8189193	
[0.49689758]
[0.45887265]
[0.51858044]
[0.38800812]
[0.57277]
[0.47367734]
[0.40662473]
[0.35509023]
[0.44229054]
[0.3711486]
[0.5506238]
[0.5285336]
[0.39097184]
[0.4321585]
[0.39905483]
[0.53450483]
[0.42350674]
[0.4315688]
[0.48549408]
[0.47065586]
[0.55997]
[0.5209005]
[0.46386293]
[0.49113742]
[0.4243071]
[0.45503625]
[0.43009531]
[0.46495268]
[0.4254437]
[0.52357167]
[0.42494124]
[0.45630983]
[0.54308724]
[0.53333205]
[0.46983913]
[0.53818125]
[0.3575908]
[0.41615307]
[0.4203242]
[0.50221246]
[0.47981972]
[0.48811054]
[0.35770738]
[0.4411183]
[0.41162884]
1514.5338
epoch:157	 time:63.54460906982422
[0.3305533]
[0.49778503]
[0.48343408]
[0.4225727]
[0.45978183]
[0.37455386]
[0.468082]
[0.4373236]
[0.45556673]
[0.3974123]
[0.38237354]
[0.56514716]
[0.43307102]
[0.6338049]
[0.39420292]
[0.43212727]
[0.3721622]
[0.43629253]
[0.46826375]
[0.39714822]
[0.35786346]
[0.39359856]
[0.4671284]
[0.45255455]
[0.5274328]
[0.46443993]
[0.45869672]
[0.48049736]
[0.4411528]
[0.4416451]
[0.4003811]
[0.52342606]
[0.56739265]
[0.42773706]
[0.49513614]
[0.43810594]
[0.5029312]
[0.4203527]
[0.47047216]
[0.40983182]
[0.490602]
[0.4113251]
[0.3724238]
[0.45268938]
[0.40132755]
1868.505
epoch:158	 time:63.56340765953064
[0.45554417]
[0.40401307]
[0.3786225]
[0.44980356]
[0.46581885]
[0.46797055]
[0.5269546]
[0.4357738]
[0.49004245]
[0.40864652]
[0.48183388]
[0.48128456]
[0.36094928]
[0.39035693]
[0.41216663]
[0.4571385]
[0.4121015]
[0.4306718]
[0.38489306]
[0.51194006]
[0.4709642]
[0.41056645]
[0.41150814]
[0.46491438]
[0.49325544]
[0.38219088]
[0.43845564]
[0.41404757]
[0.49425983]
[0.4288293]
[0.39251995]
[0.48152632]
[0.47693542]
[0.5199357]
[0.38439295]
[0.47000363]
[0.43388712]
[0.4319394]
[0.40932202]
[0.5063847]
[0.44931623]
[0.4093402]
[0.36847928]
[0.4567553]
[0.4380165]
1332.367
epoch:159	 time:63.5854275226593
[0.40942502]
[0.42846277]
[0.37134904]
[0.4080453]
[0.4570946]
[0.39889905]
[0.43498066]
[0.40041512]
[0.4706897]
[0.45174408]
[0.43033955]
[0.4316464]
[0.4147807]
[0.40680316]
[0.38685226]
[0.44371065]
[0.43102387]
[0.45327392]
[0.5265699]
[0.3881918]
[0.43166795]
[0.4851271]
[0.5427129]
[0.39996207]
[0.42150542]
[0.43137795]
[0.38014156]
[0.43873054]
[0.38509426]
[0.3608058]
[0.485033]
[0.3988347]
[0.39329857]
[0.45685565]
[0.40550503]
[0.41369328]
[0.41076174]
[0.48081622]
[0.4900978]
[0.33508992]
[0.48027304]
[0.41440538]
[0.4056307]
[0.38941655]
[0.4376098]
2050.3123
epoch:160	 time:63.556150913238525
[0.40980014]
[0.47384703]
[0.5076746]
[0.40862587]
[0.45601895]
[0.4039996]
[0.41688883]
[0.394854]
[0.48447964]
[0.42673168]
[0.39719027]
[0.39734405]
[0.5426738]
[0.40604356]
[0.39862484]
[0.4862607]
[0.38469696]
[0.4244263]
[0.48212203]
[0.43330377]
[0.48404023]
[0.44672087]
[0.5029293]
[0.37355]
[0.5632133]
[0.5289988]
[0.4487603]
[0.40694758]
[0.386715]
[0.4591972]
[0.3647485]
[0.57858217]
[0.34845304]
[0.41862145]
[0.4174153]
[0.35874483]
[0.3922206]
[0.4426142]
[0.40430808]
[0.45549983]
[0.38577276]
[0.50220525]
[0.4135021]
[0.37653837]
[0.41563174]
1708.6106
epoch:161	 time:63.5762574672699
time elapsed of EmbeddingSimilarity: 52.99795436859131
time elapsed of nll-test: 20.51278567314148
epoch:161	EmbeddingSimilarity:-0.006075888095948366	nll-test:1.8317218	
[0.35692182]
[0.31566852]
[0.42057967]
[0.34524748]
[0.38839883]
[0.5258404]
[0.55980355]
[0.3792904]
[0.3744405]
[0.45485833]
[0.4506676]
[0.41939464]
[0.44197863]
[0.44194463]
[0.43783018]
[0.46981496]
[0.47610798]
[0.45142618]
[0.4414879]
[0.4013017]
[0.4350911]
[0.44161424]
[0.37833142]
[0.506734]
[0.5117832]
[0.42209458]
[0.4429544]
[0.4323643]
[0.5279233]
[0.43641523]
[0.51320004]
[0.37428048]
[0.47379872]
[0.48501116]
[0.34533232]
[0.39711162]
[0.4606389]
[0.40144262]
[0.4324609]
[0.54620045]
[0.35540792]
[0.35747707]
[0.5157918]
[0.33903113]
[0.36431873]
1778.8433
epoch:162	 time:63.60886549949646
[0.40086722]
[0.42669684]
[0.339543]
[0.35902756]
[0.4012137]
[0.50984573]
[0.4256176]
[0.46028444]
[0.5091216]
[0.5136244]
[0.4358226]
[0.45717508]
[0.40858254]
[0.44935]
[0.48965663]
[0.44805625]
[0.366388]
[0.40641314]
[0.4223138]
[0.4451459]
[0.36774966]
[0.45080775]
[0.49223614]
[0.34249952]
[0.34200972]
[0.38824287]
[0.3898158]
[0.4801389]
[0.4162707]
[0.36043587]
[0.40234786]
[0.4962702]
[0.44466096]
[0.5204791]
[0.4442623]
[0.4147907]
[0.33268473]
[0.4030509]
[0.36342108]
[0.48923573]
[0.34667328]
[0.43895057]
[0.5759295]
[0.3605093]
[0.48576334]
1510.1104
epoch:163	 time:63.643158197402954
[0.51653975]
[0.4941417]
[0.3773366]
[0.44088486]
[0.37120476]
[0.4048285]
[0.36785775]
[0.39262134]
[0.41805565]
[0.42581907]
[0.38203126]
[0.3872477]
[0.4880501]
[0.5311308]
[0.35486358]
[0.4967822]
[0.39802548]
[0.35900363]
[0.46450344]
[0.39718255]
[0.4163597]
[0.4407697]
[0.50742114]
[0.47036943]
[0.39886287]
[0.53129745]
[0.46961635]
[0.33360243]
[0.41606095]
[0.5396617]
[0.43464306]
[0.34323028]
[0.3667688]
[0.47302452]
[0.3436661]
[0.3758406]
[0.36722258]
[0.47905496]
[0.4582071]
[0.432572]
[0.47524017]
[0.43569812]
[0.45293137]
[0.43656856]
[0.45385048]
1609.143
epoch:164	 time:63.70328330993652
[0.45092204]
[0.43212557]
[0.39692894]
[0.40745634]
[0.5104252]
[0.43135148]
[0.5317839]
[0.535546]
[0.44540772]
[0.37876]
[0.41550583]
[0.47363296]
[0.36531594]
[0.45000744]
[0.46849436]
[0.39270025]
[0.46005255]
[0.3049263]
[0.48608905]
[0.42852733]
[0.4254937]
[0.43455163]
[0.4005187]
[0.4239653]
[0.47827858]
[0.4879162]
[0.546605]
[0.37205866]
[0.42158642]
[0.4144933]
[0.47351086]
[0.4867021]
[0.41346052]
[0.32585767]
[0.4857253]
[0.4428214]
[0.3542654]
[0.35812408]
[0.38429075]
[0.6202024]
[0.48673767]
[0.37472126]
[0.45668402]
[0.46982503]
[0.39709574]
1478.2045
epoch:165	 time:63.669071197509766
[0.40927762]
[0.45648003]
[0.42549506]
[0.45642886]
[0.50410044]
[0.39985278]
[0.42657793]
[0.46317628]
[0.37911746]
[0.47797304]
[0.35584924]
[0.4480032]
[0.42830673]
[0.46365333]
[0.4055664]
[0.5112308]
[0.40484804]
[0.45612484]
[0.40324232]
[0.4064004]
[0.46805537]
[0.42076993]
[0.44310838]
[0.43782443]
[0.4937028]
[0.5390857]
[0.48009405]
[0.43492225]
[0.47118562]
[0.38362002]
[0.46639183]
[0.3973067]
[0.36305466]
[0.43868285]
[0.40804404]
[0.47073418]
[0.33045638]
[0.3232272]
[0.43488154]
[0.42314795]
[0.45544392]
[0.4757283]
[0.46781754]
[0.40184516]
[0.41748568]
1541.3342
epoch:166	 time:63.70934772491455
time elapsed of EmbeddingSimilarity: 53.137216091156006
time elapsed of nll-test: 20.539326429367065
epoch:166	EmbeddingSimilarity:-0.0062810927164966	nll-test:1.8509976	
[0.48485923]
[0.49021313]
[0.39227158]
[0.3892294]
[0.49413007]
[0.44119948]
[0.42085192]
[0.46885222]
[0.4385419]
[0.39329162]
[0.43269098]
[0.5132483]
[0.45965743]
[0.4504417]
[0.4038892]
[0.44321293]
[0.43751144]
[0.3697162]
[0.48443946]
[0.37130556]
[0.4527462]
[0.34586743]
[0.41097447]
[0.36359647]
[0.362706]
[0.47658563]
[0.40823147]
[0.52031296]
[0.47738436]
[0.4602502]
[0.4184961]
[0.3247234]
[0.3384148]
[0.3917324]
[0.44246495]
[0.34128112]
[0.4470913]
[0.4159199]
[0.42678353]
[0.4754351]
[0.39063254]
[0.46973953]
[0.36335883]
[0.42522538]
[0.38220665]
1438.3339
epoch:167	 time:63.66372847557068
[0.30953965]
[0.48146224]
[0.43863913]
[0.41002038]
[0.44015583]
[0.46506006]
[0.43490666]
[0.44795084]
[0.45698446]
[0.5255762]
[0.47506192]
[0.38876426]
[0.3366452]
[0.4680764]
[0.4121244]
[0.34884486]
[0.40744948]
[0.38020933]
[0.38220978]
[0.39738283]
[0.38185865]
[0.4205349]
[0.4350365]
[0.5753309]
[0.48737416]
[0.40978223]
[0.37480387]
[0.5372131]
[0.38783416]
[0.3658114]
[0.38123277]
[0.3489265]
[0.40490398]
[0.47638825]
[0.49484542]
[0.52139664]
[0.39640433]
[0.37203932]
[0.3273314]
[0.4278647]
[0.40846556]
[0.41119155]
[0.4571329]
[0.40722594]
[0.41036275]
1588.6224
epoch:168	 time:63.6426043510437
[0.45525244]
[0.56278414]
[0.46995562]
[0.3952314]
[0.3129974]
[0.3656728]
[0.3540244]
[0.31511334]
[0.5270297]
[0.44069394]
[0.36678404]
[0.49381712]
[0.43121442]
[0.33555934]
[0.4517306]
[0.35898396]
[0.27824593]
[0.29734635]
[0.40335763]
[0.40632477]
[0.44175786]
[0.4547269]
[0.37442628]
[0.3586635]
[0.46353105]
[0.4052732]
[0.4011957]
[0.3962969]
[0.4697642]
[0.41624567]
[0.47198966]
[0.4649746]
[0.39122465]
[0.3623195]
[0.3932774]
[0.4868527]
[0.4365383]
[0.36918783]
[0.40827075]
[0.39825347]
[0.36107904]
[0.37434548]
[0.38834977]
[0.34983552]
[0.369315]
1288.8517
epoch:169	 time:63.599533796310425
[0.40227774]
[0.34665027]
[0.39759222]
[0.5454571]
[0.47780567]
[0.49772066]
[0.41973862]
[0.4173362]
[0.47704872]
[0.51253176]
[0.38931364]
[0.48795873]
[0.52719426]
[0.41220275]
[0.3556985]
[0.4565999]
[0.45911673]
[0.37348267]
[0.40186998]
[0.44964302]
[0.48630112]
[0.34062266]
[0.4000383]
[0.41392452]
[0.42532477]
[0.39723143]
[0.3506781]
[0.4754321]
[0.45826843]
[0.36534104]
[0.46772256]
[0.45975915]
[0.33129263]
[0.37227634]
[0.49325317]
[0.36043423]
[0.35284585]
[0.40085065]
[0.3446227]
[0.47081593]
[0.37340224]
[0.41597965]
[0.40039447]
[0.42675725]
[0.37281877]
1260.2963
epoch:170	 time:63.69158697128296
[0.53821087]
[0.41616964]
[0.39505702]
[0.3948485]
[0.40765658]
[0.42830232]
[0.48807526]
[0.38571343]
[0.44560125]
[0.46274194]
[0.37752098]
[0.41746053]
[0.43024737]
[0.38258234]
[0.43848443]
[0.4515218]
[0.4213009]
[0.31494]
[0.37953395]
[0.42427564]
[0.41082314]
[0.33208892]
[0.32097498]
[0.40235287]
[0.3163273]
[0.43243095]
[0.35754842]
[0.3775596]
[0.41300192]
[0.5238221]
[0.40697968]
[0.4447883]
[0.41622534]
[0.47903067]
[0.38884625]
[0.3996808]
[0.4114813]
[0.45077342]
[0.44934583]
[0.40095294]
[0.37140545]
[0.41553015]
[0.43007955]
[0.5000933]
[0.3687405]
1267.5985
epoch:171	 time:63.635931730270386
time elapsed of EmbeddingSimilarity: 52.8947229385376
time elapsed of nll-test: 20.522584199905396
epoch:171	EmbeddingSimilarity:-0.006156045330802341	nll-test:1.8607515	
[0.4175947]
[0.43065062]
[0.42068565]
[0.336184]
[0.39932355]
[0.4307596]
[0.42430496]
[0.41352534]
[0.39452395]
[0.4091261]
[0.34864542]
[0.4005143]
[0.455983]
[0.4690557]
[0.32870975]
[0.37091675]
[0.3880104]
[0.41675052]
[0.41599122]
[0.37480655]
[0.50600785]
[0.48944387]
[0.40662554]
[0.4239693]
[0.41438508]
[0.4189975]
[0.37796536]
[0.36841774]
[0.45689976]
[0.3965857]
[0.4023606]
[0.36212832]
[0.3981432]
[0.42682612]
[0.5110692]
[0.30137315]
[0.40014458]
[0.3431562]
[0.37032992]
[0.37843072]
[0.34574598]
[0.42747557]
[0.3338325]
[0.37208977]
[0.2765011]
1449.7386
epoch:172	 time:63.67046332359314
[0.42521277]
[0.413903]
[0.44957063]
[0.46857372]
[0.35848412]
[0.46960258]
[0.5083052]
[0.45453525]
[0.30158824]
[0.28419125]
[0.45132983]
[0.3389119]
[0.4375155]
[0.45964915]
[0.39161345]
[0.34758374]
[0.32218772]
[0.3748136]
[0.4378406]
[0.429749]
[0.3778275]
[0.5237479]
[0.42276087]
[0.40679377]
[0.41395947]
[0.3919766]
[0.43820274]
[0.35418126]
[0.3714832]
[0.39171377]
[0.3596912]
[0.38773462]
[0.38061655]
[0.34580228]
[0.4116683]
[0.4141165]
[0.34462237]
[0.32140297]
[0.36690003]
[0.35946155]
[0.43482807]
[0.51852435]
[0.3376895]
[0.37952155]
[0.41662213]
1698.8909
epoch:173	 time:63.70434093475342
[0.39740285]
[0.3303503]
[0.40886223]
[0.3717031]
[0.3903303]
[0.4983047]
[0.3897841]
[0.36078647]
[0.3115515]
[0.4351199]
[0.3730826]
[0.41085553]
[0.4727202]
[0.33702144]
[0.4399975]
[0.37493753]
[0.38246197]
[0.34770012]
[0.5021376]
[0.47906992]
[0.45179895]
[0.3972502]
[0.42300478]
[0.41596276]
[0.44930154]
[0.47671282]
[0.38165724]
[0.39691126]
[0.5210411]
[0.3643932]
[0.4139285]
[0.31127125]
[0.41398373]
[0.2878414]
[0.4285429]
[0.38430163]
[0.5527497]
[0.37383085]
[0.53849196]
[0.30423743]
[0.29974446]
[0.44269687]
[0.37708184]
[0.44894308]
[0.44713715]
1531.8834
epoch:174	 time:63.64614796638489
[0.42589515]
[0.4165741]
[0.42164347]
[0.35924107]
[0.38660204]
[0.3547767]
[0.44895834]
[0.38767284]
[0.318849]
[0.3970187]
[0.44692755]
[0.40822098]
[0.38473564]
[0.31832957]
[0.5342402]
[0.4354027]
[0.40882394]
[0.47347942]
[0.3229869]
[0.38978732]
[0.590466]
[0.37287882]
[0.40857333]
[0.42269564]
[0.3492241]
[0.4026412]
[0.3208418]
[0.4016256]
[0.45345294]
[0.42736766]
[0.4337937]
[0.42765436]
[0.35301307]
[0.42128208]
[0.44622773]
[0.36661515]
[0.44996384]
[0.37198156]
[0.33767867]
[0.31897038]
[0.4143856]
[0.48504743]
[0.50434357]
[0.44984406]
[0.37510708]
1775.6996
epoch:175	 time:63.65684485435486
[0.49369323]
[0.37941697]
[0.35990134]
[0.34317487]
[0.38151523]
[0.34343717]
[0.48347682]
[0.3889987]
[0.4612296]
[0.36690652]
[0.32678026]
[0.48412517]
[0.39899114]
[0.36707234]
[0.4080422]
[0.408523]
[0.3179356]
[0.53763545]
[0.45118916]
[0.42873004]
[0.40593752]
[0.42157057]
[0.3720465]
[0.4174186]
[0.4917102]
[0.44314823]
[0.38171536]
[0.4468853]
[0.46980697]
[0.51212543]
[0.3432146]
[0.3946209]
[0.39144245]
[0.3714843]
[0.35844463]
[0.38279817]
[0.3326628]
[0.3300277]
[0.39736375]
[0.37285346]
[0.36325398]
[0.45404467]
[0.33987114]
[0.36865973]
[0.3930921]
1458.2244
epoch:176	 time:63.67046236991882
time elapsed of EmbeddingSimilarity: 53.0616352558136
time elapsed of nll-test: 20.51684331893921
epoch:176	EmbeddingSimilarity:-0.006291579587896468	nll-test:1.8696425	
[0.46670815]
[0.44608417]
[0.3734721]
[0.46644294]
[0.4040589]
[0.4764902]
[0.41686597]
[0.4367982]
[0.3105805]
[0.37241945]
[0.30714858]
[0.3096596]
[0.35086542]
[0.3604774]
[0.39154357]
[0.35639095]
[0.48922056]
[0.43894315]
[0.4822955]
[0.36094654]
[0.4625339]
[0.3582635]
[0.3396369]
[0.42714414]
[0.39748782]
[0.40807006]
[0.46872804]
[0.3596739]
[0.39367482]
[0.3703498]
[0.35157123]
[0.39885885]
[0.3702046]
[0.35982725]
[0.4409727]
[0.47429386]
[0.36499986]
[0.4184328]
[0.4509654]
[0.38132656]
[0.39292818]
[0.4353727]
[0.41656396]
[0.433836]
[0.40733418]
1551.4064
epoch:177	 time:63.67224979400635
[0.32721996]
[0.39939928]
[0.43746534]
[0.40224865]
[0.30777493]
[0.3602681]
[0.3818177]
[0.34408215]
[0.35675478]
[0.30954525]
[0.36538893]
[0.3849153]
[0.4097648]
[0.4676028]
[0.31367037]
[0.36510596]
[0.4161359]
[0.4610469]
[0.3715746]
[0.32211235]
[0.35065794]
[0.48322552]
[0.41072634]
[0.3334]
[0.40629137]
[0.4453246]
[0.4146389]
[0.35863894]
[0.32919392]
[0.30537185]
[0.5349431]
[0.40557608]
[0.30769235]
[0.45733306]
[0.46716222]
[0.3685928]
[0.34511197]
[0.39351267]
[0.3267231]
[0.3470299]
[0.39942047]
[0.35418287]
[0.34736475]
[0.44410306]
[0.40939197]
1599.4443
epoch:178	 time:63.745293617248535
[0.39247015]
[0.35698274]
[0.3528097]
[0.4907894]
[0.590614]
[0.3766461]
[0.3248406]
[0.49109453]
[0.49316937]
[0.49283636]
[0.37710428]
[0.3708233]
[0.31655002]
[0.4575422]
[0.36510628]
[0.36227688]
[0.36035147]
[0.45729715]
[0.43069434]
[0.27246255]
[0.3808474]
[0.42027578]
[0.3755944]
[0.45588005]
[0.3423034]
[0.3871932]
[0.4217561]
[0.39707622]
[0.4162344]
[0.43363884]
[0.33543375]
[0.33319423]
[0.3799647]
[0.4668146]
[0.42074823]
[0.42349362]
[0.39356214]
[0.38245982]
[0.3248632]
[0.42100075]
[0.3674786]
[0.4437213]
[0.38759953]
[0.42149872]
[0.3957653]
1216.1868
epoch:179	 time:63.679574966430664
[0.3783918]
[0.37821025]
[0.4102901]
[0.39384186]
[0.36390117]
[0.40094113]
[0.34106565]
[0.3129409]
[0.3806923]
[0.37740248]
[0.37565964]
[0.35492206]
[0.4648998]
[0.32709587]
[0.4181964]
[0.3406466]
[0.41480085]
[0.33320352]
[0.43461537]
[0.4929785]
[0.3476069]
[0.32761914]
[0.38622165]
[0.33573222]
[0.49600348]
[0.47030243]
[0.29575247]
[0.36866522]
[0.36163735]
[0.40652162]
[0.38085452]
[0.37566394]
[0.3640205]
[0.5006096]
[0.44092828]
[0.37966758]
[0.5306833]
[0.4802137]
[0.4335547]
[0.38094804]
[0.41102147]
[0.42146003]
[0.46890587]
[0.46006528]
[0.41291222]
1350.2336
epoch:180	 time:63.780128955841064
time elapsed of EmbeddingSimilarity: 52.99832820892334
time elapsed of nll-test: 20.55556607246399
epoch:180	EmbeddingSimilarity:-0.006293731724968011	nll-test:1.8777095	
[0.42141747]
[0.34448156]
[0.2513134]
[0.31091392]
[0.49591765]
[0.39506495]
[0.44243822]
[0.45042804]
[0.41660592]
[0.3998427]
[0.31793216]
[0.32079634]
[0.29487446]
[0.39768502]
[0.46717992]
[0.4689684]
[0.36914736]
[0.43475544]
[0.37505084]
[0.40749127]
[0.36639902]
[0.37664208]
[0.4362382]
[0.53122246]
[0.40599823]
[0.36518243]
[0.4127042]
[0.4383518]
[0.35231853]
[0.40718517]
[0.4279479]
[0.37359598]
[0.35930106]
[0.42484474]
[0.3810718]
[0.31449962]
[0.32841462]
[0.36430514]
[0.3936876]
[0.37839356]
[0.3723912]
[0.3635756]
[0.4145409]
[0.5658022]
[0.40137348]
